The system is: Darwin - 17.5.0 - x86_64
Compiling the C compiler identification source file "CMakeCCompilerId.c" succeeded.
Compiler: /Users/paulyc/Development/Android/my-toolchain/bin/aarch64-linux-android-clang 
Build flags: -fPIE;-fPIC
Id flags:  

The output was:
0


Compilation of the C compiler identification source "CMakeCCompilerId.c" produced "a.out"

The C compiler identification is Clang, found in "/Users/paulyc/Development/DFMTuner/app/libs/fftw-3.3.7/build/CMakeFiles/3.11.1/CompilerIdC/a.out"

Compiling the CXX compiler identification source file "CMakeCXXCompilerId.cpp" succeeded.
Compiler: /Users/paulyc/Development/Android/my-toolchain/bin/aarch64-linux-android-clang++ 
Build flags: 
Id flags:  

The output was:
0


Compilation of the CXX compiler identification source "CMakeCXXCompilerId.cpp" produced "a.out"

The CXX compiler identification is Clang, found in "/Users/paulyc/Development/DFMTuner/app/libs/fftw-3.3.7/build/CMakeFiles/3.11.1/CompilerIdCXX/a.out"

Determining if the C compiler works passed with the following output:
Change Dir: /Users/paulyc/Development/DFMTuner/app/libs/fftw-3.3.7/build/CMakeFiles/CMakeTmp

Run Build Command:"/usr/bin/make" "cmTC_c8c89/fast"
/Applications/Xcode.app/Contents/Developer/usr/bin/make -f CMakeFiles/cmTC_c8c89.dir/build.make CMakeFiles/cmTC_c8c89.dir/build
Building C object CMakeFiles/cmTC_c8c89.dir/testCCompiler.c.o
/Users/paulyc/Development/Android/my-toolchain/bin/aarch64-linux-android-clang   -fPIE -fPIC    -o CMakeFiles/cmTC_c8c89.dir/testCCompiler.c.o   -c /Users/paulyc/Development/DFMTuner/app/libs/fftw-3.3.7/build/CMakeFiles/CMakeTmp/testCCompiler.c
Linking C executable cmTC_c8c89
/usr/local/Cellar/cmake/3.11.1/bin/cmake -E cmake_link_script CMakeFiles/cmTC_c8c89.dir/link.txt --verbose=1
/Users/paulyc/Development/Android/my-toolchain/bin/aarch64-linux-android-clang -fPIE -fPIC  -Wl,-search_paths_first -Wl,-headerpad_max_install_names -pie  CMakeFiles/cmTC_c8c89.dir/testCCompiler.c.o  -o cmTC_c8c89 
/Users/paulyc/Development/Android/my-toolchain/bin/../lib/gcc/aarch64-linux-android/4.9.x/../../../../aarch64-linux-android/bin/ld: warning: cannot find entry symbol arch_paths_first; defaulting to 00000000000005e0


Detecting C compiler ABI info compiled with the following output:
Change Dir: /Users/paulyc/Development/DFMTuner/app/libs/fftw-3.3.7/build/CMakeFiles/CMakeTmp

Run Build Command:"/usr/bin/make" "cmTC_a3fcf/fast"
/Applications/Xcode.app/Contents/Developer/usr/bin/make -f CMakeFiles/cmTC_a3fcf.dir/build.make CMakeFiles/cmTC_a3fcf.dir/build
Building C object CMakeFiles/cmTC_a3fcf.dir/CMakeCCompilerABI.c.o
/Users/paulyc/Development/Android/my-toolchain/bin/aarch64-linux-android-clang   -fPIE -fPIC    -o CMakeFiles/cmTC_a3fcf.dir/CMakeCCompilerABI.c.o   -c /usr/local/Cellar/cmake/3.11.1/share/cmake/Modules/CMakeCCompilerABI.c
Linking C executable cmTC_a3fcf
/usr/local/Cellar/cmake/3.11.1/bin/cmake -E cmake_link_script CMakeFiles/cmTC_a3fcf.dir/link.txt --verbose=1
/Users/paulyc/Development/Android/my-toolchain/bin/aarch64-linux-android-clang -fPIE -fPIC  -Wl,-search_paths_first -Wl,-headerpad_max_install_names -pie -v -Wl,-v CMakeFiles/cmTC_a3fcf.dir/CMakeCCompilerABI.c.o  -o cmTC_a3fcf 
Android (4639204 based on r316199) clang version 6.0.1 (https://android.googlesource.com/toolchain/clang 279c0d3a962121a6d1d535e7b0b5d9d36d3c829d) (https://android.googlesource.com/toolchain/llvm aadd87ffb6a2eafcb577913073d46b20195a9cdc) (based on LLVM 6.0.1svn)
Target: aarch64-none-linux-android
Thread model: posix
InstalledDir: /Users/paulyc/Development/Android/my-toolchain/bin
Found candidate GCC installation: /Users/paulyc/Development/Android/my-toolchain/bin/../lib/gcc/aarch64-linux-android/4.9.x
Selected GCC installation: /Users/paulyc/Development/Android/my-toolchain/bin/../lib/gcc/aarch64-linux-android/4.9.x
Candidate multilib: .;@m64
Selected multilib: .;@m64
 "/Users/paulyc/Development/Android/my-toolchain/bin/../lib/gcc/aarch64-linux-android/4.9.x/../../../../aarch64-linux-android/bin/ld" --sysroot=/Users/paulyc/Development/Android/my-toolchain/bin/../sysroot -pie --fix-cortex-a53-843419 --eh-frame-hdr -m aarch64linux -dynamic-linker /system/bin/linker64 -o cmTC_a3fcf /Users/paulyc/Development/Android/my-toolchain/bin/../sysroot/usr/lib/crtbegin_dynamic.o -L/Users/paulyc/Development/Android/my-toolchain/lib64/clang/6.0.1/lib/linux/aarch64 -L/Users/paulyc/Development/Android/my-toolchain/bin/../lib/gcc/aarch64-linux-android/4.9.x -L/Users/paulyc/Development/Android/my-toolchain/bin/../lib/gcc/aarch64-linux-android/4.9.x/../../../../aarch64-linux-android/lib/../lib64 -L/Users/paulyc/Development/Android/my-toolchain/bin/../lib/gcc/aarch64-linux-android/4.9.x/../../../../aarch64-linux-android/lib -L/Users/paulyc/Development/Android/my-toolchain/bin/../sysroot/usr/lib -search_paths_first -headerpad_max_install_names -v CMakeFiles/cmTC_a3fcf.dir/CMakeCCompilerABI.c.o -lgcc -ldl -lc -lgcc -ldl /Users/paulyc/Development/Android/my-toolchain/bin/../sysroot/usr/lib/crtend_android.o
GNU ld (binutils-2.27-bf0c2e8) 2.27.0.20170315
/Users/paulyc/Development/Android/my-toolchain/bin/../lib/gcc/aarch64-linux-android/4.9.x/../../../../aarch64-linux-android/bin/ld: warning: cannot find entry symbol arch_paths_first; defaulting to 0000000000000620


Parsed C implicit link information from above output:
  link line regex: [^( *|.*[/\])(ld|CMAKE_LINK_STARTFILE-NOTFOUND|([^/\]+-)?ld|collect2)[^/\]*( |$)]
  ignore line: [Change Dir: /Users/paulyc/Development/DFMTuner/app/libs/fftw-3.3.7/build/CMakeFiles/CMakeTmp]
  ignore line: []
  ignore line: [Run Build Command:"/usr/bin/make" "cmTC_a3fcf/fast"]
  ignore line: [/Applications/Xcode.app/Contents/Developer/usr/bin/make -f CMakeFiles/cmTC_a3fcf.dir/build.make CMakeFiles/cmTC_a3fcf.dir/build]
  ignore line: [Building C object CMakeFiles/cmTC_a3fcf.dir/CMakeCCompilerABI.c.o]
  ignore line: [/Users/paulyc/Development/Android/my-toolchain/bin/aarch64-linux-android-clang   -fPIE -fPIC    -o CMakeFiles/cmTC_a3fcf.dir/CMakeCCompilerABI.c.o   -c /usr/local/Cellar/cmake/3.11.1/share/cmake/Modules/CMakeCCompilerABI.c]
  ignore line: [Linking C executable cmTC_a3fcf]
  ignore line: [/usr/local/Cellar/cmake/3.11.1/bin/cmake -E cmake_link_script CMakeFiles/cmTC_a3fcf.dir/link.txt --verbose=1]
  ignore line: [/Users/paulyc/Development/Android/my-toolchain/bin/aarch64-linux-android-clang -fPIE -fPIC  -Wl,-search_paths_first -Wl,-headerpad_max_install_names -pie -v -Wl,-v CMakeFiles/cmTC_a3fcf.dir/CMakeCCompilerABI.c.o  -o cmTC_a3fcf ]
  ignore line: [Android (4639204 based on r316199) clang version 6.0.1 (https://android.googlesource.com/toolchain/clang 279c0d3a962121a6d1d535e7b0b5d9d36d3c829d) (https://android.googlesource.com/toolchain/llvm aadd87ffb6a2eafcb577913073d46b20195a9cdc) (based on LLVM 6.0.1svn)]
  ignore line: [Target: aarch64-none-linux-android]
  ignore line: [Thread model: posix]
  ignore line: [InstalledDir: /Users/paulyc/Development/Android/my-toolchain/bin]
  ignore line: [Found candidate GCC installation: /Users/paulyc/Development/Android/my-toolchain/bin/../lib/gcc/aarch64-linux-android/4.9.x]
  ignore line: [Selected GCC installation: /Users/paulyc/Development/Android/my-toolchain/bin/../lib/gcc/aarch64-linux-android/4.9.x]
  ignore line: [Candidate multilib: .]
  ignore line: [@m64]
  ignore line: [Selected multilib: .]
  ignore line: [@m64]
  link line: [ "/Users/paulyc/Development/Android/my-toolchain/bin/../lib/gcc/aarch64-linux-android/4.9.x/../../../../aarch64-linux-android/bin/ld" --sysroot=/Users/paulyc/Development/Android/my-toolchain/bin/../sysroot -pie --fix-cortex-a53-843419 --eh-frame-hdr -m aarch64linux -dynamic-linker /system/bin/linker64 -o cmTC_a3fcf /Users/paulyc/Development/Android/my-toolchain/bin/../sysroot/usr/lib/crtbegin_dynamic.o -L/Users/paulyc/Development/Android/my-toolchain/lib64/clang/6.0.1/lib/linux/aarch64 -L/Users/paulyc/Development/Android/my-toolchain/bin/../lib/gcc/aarch64-linux-android/4.9.x -L/Users/paulyc/Development/Android/my-toolchain/bin/../lib/gcc/aarch64-linux-android/4.9.x/../../../../aarch64-linux-android/lib/../lib64 -L/Users/paulyc/Development/Android/my-toolchain/bin/../lib/gcc/aarch64-linux-android/4.9.x/../../../../aarch64-linux-android/lib -L/Users/paulyc/Development/Android/my-toolchain/bin/../sysroot/usr/lib -search_paths_first -headerpad_max_install_names -v CMakeFiles/cmTC_a3fcf.dir/CMakeCCompilerABI.c.o -lgcc -ldl -lc -lgcc -ldl /Users/paulyc/Development/Android/my-toolchain/bin/../sysroot/usr/lib/crtend_android.o]
    arg [/Users/paulyc/Development/Android/my-toolchain/bin/../lib/gcc/aarch64-linux-android/4.9.x/../../../../aarch64-linux-android/bin/ld] ==> ignore
    arg [--sysroot=/Users/paulyc/Development/Android/my-toolchain/bin/../sysroot] ==> ignore
    arg [-pie] ==> ignore
    arg [--fix-cortex-a53-843419] ==> ignore
    arg [--eh-frame-hdr] ==> ignore
    arg [-m] ==> ignore
    arg [aarch64linux] ==> ignore
    arg [-dynamic-linker] ==> ignore
    arg [/system/bin/linker64] ==> ignore
    arg [-o] ==> ignore
    arg [cmTC_a3fcf] ==> ignore
    arg [/Users/paulyc/Development/Android/my-toolchain/bin/../sysroot/usr/lib/crtbegin_dynamic.o] ==> ignore
    arg [-L/Users/paulyc/Development/Android/my-toolchain/lib64/clang/6.0.1/lib/linux/aarch64] ==> dir [/Users/paulyc/Development/Android/my-toolchain/lib64/clang/6.0.1/lib/linux/aarch64]
    arg [-L/Users/paulyc/Development/Android/my-toolchain/bin/../lib/gcc/aarch64-linux-android/4.9.x] ==> dir [/Users/paulyc/Development/Android/my-toolchain/bin/../lib/gcc/aarch64-linux-android/4.9.x]
    arg [-L/Users/paulyc/Development/Android/my-toolchain/bin/../lib/gcc/aarch64-linux-android/4.9.x/../../../../aarch64-linux-android/lib/../lib64] ==> dir [/Users/paulyc/Development/Android/my-toolchain/bin/../lib/gcc/aarch64-linux-android/4.9.x/../../../../aarch64-linux-android/lib/../lib64]
    arg [-L/Users/paulyc/Development/Android/my-toolchain/bin/../lib/gcc/aarch64-linux-android/4.9.x/../../../../aarch64-linux-android/lib] ==> dir [/Users/paulyc/Development/Android/my-toolchain/bin/../lib/gcc/aarch64-linux-android/4.9.x/../../../../aarch64-linux-android/lib]
    arg [-L/Users/paulyc/Development/Android/my-toolchain/bin/../sysroot/usr/lib] ==> dir [/Users/paulyc/Development/Android/my-toolchain/bin/../sysroot/usr/lib]
    arg [-search_paths_first] ==> ignore
    arg [-headerpad_max_install_names] ==> ignore
    arg [-v] ==> ignore
    arg [CMakeFiles/cmTC_a3fcf.dir/CMakeCCompilerABI.c.o] ==> ignore
    arg [-lgcc] ==> lib [gcc]
    arg [-ldl] ==> lib [dl]
    arg [-lc] ==> lib [c]
    arg [-lgcc] ==> lib [gcc]
    arg [-ldl] ==> lib [dl]
    arg [/Users/paulyc/Development/Android/my-toolchain/bin/../sysroot/usr/lib/crtend_android.o] ==> ignore
  collapse library dir [/Users/paulyc/Development/Android/my-toolchain/lib64/clang/6.0.1/lib/linux/aarch64] ==> [/Users/paulyc/Development/Android/my-toolchain/lib64/clang/6.0.1/lib/linux/aarch64]
  collapse library dir [/Users/paulyc/Development/Android/my-toolchain/bin/../lib/gcc/aarch64-linux-android/4.9.x] ==> [/Users/paulyc/Development/Android/my-toolchain/lib/gcc/aarch64-linux-android/4.9.x]
  collapse library dir [/Users/paulyc/Development/Android/my-toolchain/bin/../lib/gcc/aarch64-linux-android/4.9.x/../../../../aarch64-linux-android/lib/../lib64] ==> [/Users/paulyc/Development/Android/my-toolchain/aarch64-linux-android/lib64]
  collapse library dir [/Users/paulyc/Development/Android/my-toolchain/bin/../lib/gcc/aarch64-linux-android/4.9.x/../../../../aarch64-linux-android/lib] ==> [/Users/paulyc/Development/Android/my-toolchain/aarch64-linux-android/lib]
  collapse library dir [/Users/paulyc/Development/Android/my-toolchain/bin/../sysroot/usr/lib] ==> [/Users/paulyc/Development/Android/my-toolchain/sysroot/usr/lib]
  implicit libs: [gcc;dl;c;gcc;dl]
  implicit dirs: [/Users/paulyc/Development/Android/my-toolchain/lib64/clang/6.0.1/lib/linux/aarch64;/Users/paulyc/Development/Android/my-toolchain/lib/gcc/aarch64-linux-android/4.9.x;/Users/paulyc/Development/Android/my-toolchain/aarch64-linux-android/lib64;/Users/paulyc/Development/Android/my-toolchain/aarch64-linux-android/lib;/Users/paulyc/Development/Android/my-toolchain/sysroot/usr/lib]
  implicit fwks: []




Detecting C [-std=c11] compiler features compiled with the following output:
Change Dir: /Users/paulyc/Development/DFMTuner/app/libs/fftw-3.3.7/build/CMakeFiles/CMakeTmp

Run Build Command:"/usr/bin/make" "cmTC_cfcbc/fast"
/Applications/Xcode.app/Contents/Developer/usr/bin/make -f CMakeFiles/cmTC_cfcbc.dir/build.make CMakeFiles/cmTC_cfcbc.dir/build
Building C object CMakeFiles/cmTC_cfcbc.dir/feature_tests.c.o
/Users/paulyc/Development/Android/my-toolchain/bin/aarch64-linux-android-clang   -fPIE -fPIC    -std=c11 -o CMakeFiles/cmTC_cfcbc.dir/feature_tests.c.o   -c /Users/paulyc/Development/DFMTuner/app/libs/fftw-3.3.7/build/CMakeFiles/feature_tests.c
Linking C executable cmTC_cfcbc
/usr/local/Cellar/cmake/3.11.1/bin/cmake -E cmake_link_script CMakeFiles/cmTC_cfcbc.dir/link.txt --verbose=1
/Users/paulyc/Development/Android/my-toolchain/bin/aarch64-linux-android-clang -fPIE -fPIC  -Wl,-search_paths_first -Wl,-headerpad_max_install_names -pie  CMakeFiles/cmTC_cfcbc.dir/feature_tests.c.o  -o cmTC_cfcbc 
/Users/paulyc/Development/Android/my-toolchain/bin/../lib/gcc/aarch64-linux-android/4.9.x/../../../../aarch64-linux-android/bin/ld: warning: cannot find entry symbol arch_paths_first; defaulting to 0000000000000620


    Feature record: C_FEATURE:1c_function_prototypes
    Feature record: C_FEATURE:1c_restrict
    Feature record: C_FEATURE:1c_static_assert
    Feature record: C_FEATURE:1c_variadic_macros


Detecting C [-std=c99] compiler features compiled with the following output:
Change Dir: /Users/paulyc/Development/DFMTuner/app/libs/fftw-3.3.7/build/CMakeFiles/CMakeTmp

Run Build Command:"/usr/bin/make" "cmTC_4753d/fast"
/Applications/Xcode.app/Contents/Developer/usr/bin/make -f CMakeFiles/cmTC_4753d.dir/build.make CMakeFiles/cmTC_4753d.dir/build
Building C object CMakeFiles/cmTC_4753d.dir/feature_tests.c.o
/Users/paulyc/Development/Android/my-toolchain/bin/aarch64-linux-android-clang   -fPIE -fPIC    -std=c99 -o CMakeFiles/cmTC_4753d.dir/feature_tests.c.o   -c /Users/paulyc/Development/DFMTuner/app/libs/fftw-3.3.7/build/CMakeFiles/feature_tests.c
Linking C executable cmTC_4753d
/usr/local/Cellar/cmake/3.11.1/bin/cmake -E cmake_link_script CMakeFiles/cmTC_4753d.dir/link.txt --verbose=1
/Users/paulyc/Development/Android/my-toolchain/bin/aarch64-linux-android-clang -fPIE -fPIC  -Wl,-search_paths_first -Wl,-headerpad_max_install_names -pie  CMakeFiles/cmTC_4753d.dir/feature_tests.c.o  -o cmTC_4753d 
/Users/paulyc/Development/Android/my-toolchain/bin/../lib/gcc/aarch64-linux-android/4.9.x/../../../../aarch64-linux-android/bin/ld: warning: cannot find entry symbol arch_paths_first; defaulting to 0000000000000620


    Feature record: C_FEATURE:1c_function_prototypes
    Feature record: C_FEATURE:1c_restrict
    Feature record: C_FEATURE:0c_static_assert
    Feature record: C_FEATURE:1c_variadic_macros


Detecting C [-std=c90] compiler features compiled with the following output:
Change Dir: /Users/paulyc/Development/DFMTuner/app/libs/fftw-3.3.7/build/CMakeFiles/CMakeTmp

Run Build Command:"/usr/bin/make" "cmTC_ca438/fast"
/Applications/Xcode.app/Contents/Developer/usr/bin/make -f CMakeFiles/cmTC_ca438.dir/build.make CMakeFiles/cmTC_ca438.dir/build
Building C object CMakeFiles/cmTC_ca438.dir/feature_tests.c.o
/Users/paulyc/Development/Android/my-toolchain/bin/aarch64-linux-android-clang   -fPIE -fPIC    -std=c90 -o CMakeFiles/cmTC_ca438.dir/feature_tests.c.o   -c /Users/paulyc/Development/DFMTuner/app/libs/fftw-3.3.7/build/CMakeFiles/feature_tests.c
Linking C executable cmTC_ca438
/usr/local/Cellar/cmake/3.11.1/bin/cmake -E cmake_link_script CMakeFiles/cmTC_ca438.dir/link.txt --verbose=1
/Users/paulyc/Development/Android/my-toolchain/bin/aarch64-linux-android-clang -fPIE -fPIC  -Wl,-search_paths_first -Wl,-headerpad_max_install_names -pie  CMakeFiles/cmTC_ca438.dir/feature_tests.c.o  -o cmTC_ca438 
/Users/paulyc/Development/Android/my-toolchain/bin/../lib/gcc/aarch64-linux-android/4.9.x/../../../../aarch64-linux-android/bin/ld: warning: cannot find entry symbol arch_paths_first; defaulting to 0000000000000620


    Feature record: C_FEATURE:1c_function_prototypes
    Feature record: C_FEATURE:0c_restrict
    Feature record: C_FEATURE:0c_static_assert
    Feature record: C_FEATURE:0c_variadic_macros
Determining if the CXX compiler works passed with the following output:
Change Dir: /Users/paulyc/Development/DFMTuner/app/libs/fftw-3.3.7/build/CMakeFiles/CMakeTmp

Run Build Command:"/usr/bin/make" "cmTC_8a97a/fast"
/Applications/Xcode.app/Contents/Developer/usr/bin/make -f CMakeFiles/cmTC_8a97a.dir/build.make CMakeFiles/cmTC_8a97a.dir/build
Building CXX object CMakeFiles/cmTC_8a97a.dir/testCXXCompiler.cxx.o
/Users/paulyc/Development/Android/my-toolchain/bin/aarch64-linux-android-clang++     -o CMakeFiles/cmTC_8a97a.dir/testCXXCompiler.cxx.o -c /Users/paulyc/Development/DFMTuner/app/libs/fftw-3.3.7/build/CMakeFiles/CMakeTmp/testCXXCompiler.cxx
Linking CXX executable cmTC_8a97a
/usr/local/Cellar/cmake/3.11.1/bin/cmake -E cmake_link_script CMakeFiles/cmTC_8a97a.dir/link.txt --verbose=1
/Users/paulyc/Development/Android/my-toolchain/bin/aarch64-linux-android-clang++    -Wl,-search_paths_first -Wl,-headerpad_max_install_names -pie  CMakeFiles/cmTC_8a97a.dir/testCXXCompiler.cxx.o  -o cmTC_8a97a 
/Users/paulyc/Development/Android/my-toolchain/bin/../lib/gcc/aarch64-linux-android/4.9.x/../../../../aarch64-linux-android/bin/ld: warning: cannot find entry symbol arch_paths_first; defaulting to 0000000000000690


Detecting CXX compiler ABI info compiled with the following output:
Change Dir: /Users/paulyc/Development/DFMTuner/app/libs/fftw-3.3.7/build/CMakeFiles/CMakeTmp

Run Build Command:"/usr/bin/make" "cmTC_bf53f/fast"
/Applications/Xcode.app/Contents/Developer/usr/bin/make -f CMakeFiles/cmTC_bf53f.dir/build.make CMakeFiles/cmTC_bf53f.dir/build
Building CXX object CMakeFiles/cmTC_bf53f.dir/CMakeCXXCompilerABI.cpp.o
/Users/paulyc/Development/Android/my-toolchain/bin/aarch64-linux-android-clang++     -o CMakeFiles/cmTC_bf53f.dir/CMakeCXXCompilerABI.cpp.o -c /usr/local/Cellar/cmake/3.11.1/share/cmake/Modules/CMakeCXXCompilerABI.cpp
Linking CXX executable cmTC_bf53f
/usr/local/Cellar/cmake/3.11.1/bin/cmake -E cmake_link_script CMakeFiles/cmTC_bf53f.dir/link.txt --verbose=1
/Users/paulyc/Development/Android/my-toolchain/bin/aarch64-linux-android-clang++    -Wl,-search_paths_first -Wl,-headerpad_max_install_names -pie -v -Wl,-v CMakeFiles/cmTC_bf53f.dir/CMakeCXXCompilerABI.cpp.o  -o cmTC_bf53f 
Android (4639204 based on r316199) clang version 6.0.1 (https://android.googlesource.com/toolchain/clang 279c0d3a962121a6d1d535e7b0b5d9d36d3c829d) (https://android.googlesource.com/toolchain/llvm aadd87ffb6a2eafcb577913073d46b20195a9cdc) (based on LLVM 6.0.1svn)
Target: aarch64-none-linux-android
Thread model: posix
InstalledDir: /Users/paulyc/Development/Android/my-toolchain/bin
Found candidate GCC installation: /Users/paulyc/Development/Android/my-toolchain/bin/../lib/gcc/aarch64-linux-android/4.9.x
Selected GCC installation: /Users/paulyc/Development/Android/my-toolchain/bin/../lib/gcc/aarch64-linux-android/4.9.x
Candidate multilib: .;@m64
Selected multilib: .;@m64
 "/Users/paulyc/Development/Android/my-toolchain/bin/../lib/gcc/aarch64-linux-android/4.9.x/../../../../aarch64-linux-android/bin/ld" --sysroot=/Users/paulyc/Development/Android/my-toolchain/bin/../sysroot -pie --fix-cortex-a53-843419 --eh-frame-hdr -m aarch64linux -dynamic-linker /system/bin/linker64 -o cmTC_bf53f /Users/paulyc/Development/Android/my-toolchain/bin/../sysroot/usr/lib/crtbegin_dynamic.o -L/Users/paulyc/Development/Android/my-toolchain/lib64/clang/6.0.1/lib/linux/aarch64 -L/Users/paulyc/Development/Android/my-toolchain/bin/../lib/gcc/aarch64-linux-android/4.9.x -L/Users/paulyc/Development/Android/my-toolchain/bin/../lib/gcc/aarch64-linux-android/4.9.x/../../../../aarch64-linux-android/lib/../lib64 -L/Users/paulyc/Development/Android/my-toolchain/bin/../lib/gcc/aarch64-linux-android/4.9.x/../../../../aarch64-linux-android/lib -L/Users/paulyc/Development/Android/my-toolchain/bin/../sysroot/usr/lib -search_paths_first -headerpad_max_install_names -v CMakeFiles/cmTC_bf53f.dir/CMakeCXXCompilerABI.cpp.o -lstdc++ -lm -lgcc -lgcc -ldl -lc -lgcc -lgcc -ldl /Users/paulyc/Development/Android/my-toolchain/bin/../sysroot/usr/lib/crtend_android.o
GNU ld (binutils-2.27-bf0c2e8) 2.27.0.20170315
/Users/paulyc/Development/Android/my-toolchain/bin/../lib/gcc/aarch64-linux-android/4.9.x/../../../../aarch64-linux-android/bin/ld: warning: cannot find entry symbol arch_paths_first; defaulting to 0000000000000690


Parsed CXX implicit link information from above output:
  link line regex: [^( *|.*[/\])(ld|CMAKE_LINK_STARTFILE-NOTFOUND|([^/\]+-)?ld|collect2)[^/\]*( |$)]
  ignore line: [Change Dir: /Users/paulyc/Development/DFMTuner/app/libs/fftw-3.3.7/build/CMakeFiles/CMakeTmp]
  ignore line: []
  ignore line: [Run Build Command:"/usr/bin/make" "cmTC_bf53f/fast"]
  ignore line: [/Applications/Xcode.app/Contents/Developer/usr/bin/make -f CMakeFiles/cmTC_bf53f.dir/build.make CMakeFiles/cmTC_bf53f.dir/build]
  ignore line: [Building CXX object CMakeFiles/cmTC_bf53f.dir/CMakeCXXCompilerABI.cpp.o]
  ignore line: [/Users/paulyc/Development/Android/my-toolchain/bin/aarch64-linux-android-clang++     -o CMakeFiles/cmTC_bf53f.dir/CMakeCXXCompilerABI.cpp.o -c /usr/local/Cellar/cmake/3.11.1/share/cmake/Modules/CMakeCXXCompilerABI.cpp]
  ignore line: [Linking CXX executable cmTC_bf53f]
  ignore line: [/usr/local/Cellar/cmake/3.11.1/bin/cmake -E cmake_link_script CMakeFiles/cmTC_bf53f.dir/link.txt --verbose=1]
  ignore line: [/Users/paulyc/Development/Android/my-toolchain/bin/aarch64-linux-android-clang++    -Wl,-search_paths_first -Wl,-headerpad_max_install_names -pie -v -Wl,-v CMakeFiles/cmTC_bf53f.dir/CMakeCXXCompilerABI.cpp.o  -o cmTC_bf53f ]
  ignore line: [Android (4639204 based on r316199) clang version 6.0.1 (https://android.googlesource.com/toolchain/clang 279c0d3a962121a6d1d535e7b0b5d9d36d3c829d) (https://android.googlesource.com/toolchain/llvm aadd87ffb6a2eafcb577913073d46b20195a9cdc) (based on LLVM 6.0.1svn)]
  ignore line: [Target: aarch64-none-linux-android]
  ignore line: [Thread model: posix]
  ignore line: [InstalledDir: /Users/paulyc/Development/Android/my-toolchain/bin]
  ignore line: [Found candidate GCC installation: /Users/paulyc/Development/Android/my-toolchain/bin/../lib/gcc/aarch64-linux-android/4.9.x]
  ignore line: [Selected GCC installation: /Users/paulyc/Development/Android/my-toolchain/bin/../lib/gcc/aarch64-linux-android/4.9.x]
  ignore line: [Candidate multilib: .]
  ignore line: [@m64]
  ignore line: [Selected multilib: .]
  ignore line: [@m64]
  link line: [ "/Users/paulyc/Development/Android/my-toolchain/bin/../lib/gcc/aarch64-linux-android/4.9.x/../../../../aarch64-linux-android/bin/ld" --sysroot=/Users/paulyc/Development/Android/my-toolchain/bin/../sysroot -pie --fix-cortex-a53-843419 --eh-frame-hdr -m aarch64linux -dynamic-linker /system/bin/linker64 -o cmTC_bf53f /Users/paulyc/Development/Android/my-toolchain/bin/../sysroot/usr/lib/crtbegin_dynamic.o -L/Users/paulyc/Development/Android/my-toolchain/lib64/clang/6.0.1/lib/linux/aarch64 -L/Users/paulyc/Development/Android/my-toolchain/bin/../lib/gcc/aarch64-linux-android/4.9.x -L/Users/paulyc/Development/Android/my-toolchain/bin/../lib/gcc/aarch64-linux-android/4.9.x/../../../../aarch64-linux-android/lib/../lib64 -L/Users/paulyc/Development/Android/my-toolchain/bin/../lib/gcc/aarch64-linux-android/4.9.x/../../../../aarch64-linux-android/lib -L/Users/paulyc/Development/Android/my-toolchain/bin/../sysroot/usr/lib -search_paths_first -headerpad_max_install_names -v CMakeFiles/cmTC_bf53f.dir/CMakeCXXCompilerABI.cpp.o -lstdc++ -lm -lgcc -lgcc -ldl -lc -lgcc -lgcc -ldl /Users/paulyc/Development/Android/my-toolchain/bin/../sysroot/usr/lib/crtend_android.o]
    arg [/Users/paulyc/Development/Android/my-toolchain/bin/../lib/gcc/aarch64-linux-android/4.9.x/../../../../aarch64-linux-android/bin/ld] ==> ignore
    arg [--sysroot=/Users/paulyc/Development/Android/my-toolchain/bin/../sysroot] ==> ignore
    arg [-pie] ==> ignore
    arg [--fix-cortex-a53-843419] ==> ignore
    arg [--eh-frame-hdr] ==> ignore
    arg [-m] ==> ignore
    arg [aarch64linux] ==> ignore
    arg [-dynamic-linker] ==> ignore
    arg [/system/bin/linker64] ==> ignore
    arg [-o] ==> ignore
    arg [cmTC_bf53f] ==> ignore
    arg [/Users/paulyc/Development/Android/my-toolchain/bin/../sysroot/usr/lib/crtbegin_dynamic.o] ==> ignore
    arg [-L/Users/paulyc/Development/Android/my-toolchain/lib64/clang/6.0.1/lib/linux/aarch64] ==> dir [/Users/paulyc/Development/Android/my-toolchain/lib64/clang/6.0.1/lib/linux/aarch64]
    arg [-L/Users/paulyc/Development/Android/my-toolchain/bin/../lib/gcc/aarch64-linux-android/4.9.x] ==> dir [/Users/paulyc/Development/Android/my-toolchain/bin/../lib/gcc/aarch64-linux-android/4.9.x]
    arg [-L/Users/paulyc/Development/Android/my-toolchain/bin/../lib/gcc/aarch64-linux-android/4.9.x/../../../../aarch64-linux-android/lib/../lib64] ==> dir [/Users/paulyc/Development/Android/my-toolchain/bin/../lib/gcc/aarch64-linux-android/4.9.x/../../../../aarch64-linux-android/lib/../lib64]
    arg [-L/Users/paulyc/Development/Android/my-toolchain/bin/../lib/gcc/aarch64-linux-android/4.9.x/../../../../aarch64-linux-android/lib] ==> dir [/Users/paulyc/Development/Android/my-toolchain/bin/../lib/gcc/aarch64-linux-android/4.9.x/../../../../aarch64-linux-android/lib]
    arg [-L/Users/paulyc/Development/Android/my-toolchain/bin/../sysroot/usr/lib] ==> dir [/Users/paulyc/Development/Android/my-toolchain/bin/../sysroot/usr/lib]
    arg [-search_paths_first] ==> ignore
    arg [-headerpad_max_install_names] ==> ignore
    arg [-v] ==> ignore
    arg [CMakeFiles/cmTC_bf53f.dir/CMakeCXXCompilerABI.cpp.o] ==> ignore
    arg [-lstdc++] ==> lib [stdc++]
    arg [-lm] ==> lib [m]
    arg [-lgcc] ==> lib [gcc]
    arg [-lgcc] ==> lib [gcc]
    arg [-ldl] ==> lib [dl]
    arg [-lc] ==> lib [c]
    arg [-lgcc] ==> lib [gcc]
    arg [-lgcc] ==> lib [gcc]
    arg [-ldl] ==> lib [dl]
    arg [/Users/paulyc/Development/Android/my-toolchain/bin/../sysroot/usr/lib/crtend_android.o] ==> ignore
  collapse library dir [/Users/paulyc/Development/Android/my-toolchain/lib64/clang/6.0.1/lib/linux/aarch64] ==> [/Users/paulyc/Development/Android/my-toolchain/lib64/clang/6.0.1/lib/linux/aarch64]
  collapse library dir [/Users/paulyc/Development/Android/my-toolchain/bin/../lib/gcc/aarch64-linux-android/4.9.x] ==> [/Users/paulyc/Development/Android/my-toolchain/lib/gcc/aarch64-linux-android/4.9.x]
  collapse library dir [/Users/paulyc/Development/Android/my-toolchain/bin/../lib/gcc/aarch64-linux-android/4.9.x/../../../../aarch64-linux-android/lib/../lib64] ==> [/Users/paulyc/Development/Android/my-toolchain/aarch64-linux-android/lib64]
  collapse library dir [/Users/paulyc/Development/Android/my-toolchain/bin/../lib/gcc/aarch64-linux-android/4.9.x/../../../../aarch64-linux-android/lib] ==> [/Users/paulyc/Development/Android/my-toolchain/aarch64-linux-android/lib]
  collapse library dir [/Users/paulyc/Development/Android/my-toolchain/bin/../sysroot/usr/lib] ==> [/Users/paulyc/Development/Android/my-toolchain/sysroot/usr/lib]
  implicit libs: [stdc++;m;gcc;gcc;dl;c;gcc;gcc;dl]
  implicit dirs: [/Users/paulyc/Development/Android/my-toolchain/lib64/clang/6.0.1/lib/linux/aarch64;/Users/paulyc/Development/Android/my-toolchain/lib/gcc/aarch64-linux-android/4.9.x;/Users/paulyc/Development/Android/my-toolchain/aarch64-linux-android/lib64;/Users/paulyc/Development/Android/my-toolchain/aarch64-linux-android/lib;/Users/paulyc/Development/Android/my-toolchain/sysroot/usr/lib]
  implicit fwks: []




Detecting CXX [-std=c++1z] compiler features compiled with the following output:
Change Dir: /Users/paulyc/Development/DFMTuner/app/libs/fftw-3.3.7/build/CMakeFiles/CMakeTmp

Run Build Command:"/usr/bin/make" "cmTC_e7dbf/fast"
/Applications/Xcode.app/Contents/Developer/usr/bin/make -f CMakeFiles/cmTC_e7dbf.dir/build.make CMakeFiles/cmTC_e7dbf.dir/build
Building CXX object CMakeFiles/cmTC_e7dbf.dir/feature_tests.cxx.o
/Users/paulyc/Development/Android/my-toolchain/bin/aarch64-linux-android-clang++    -std=c++1z -o CMakeFiles/cmTC_e7dbf.dir/feature_tests.cxx.o -c /Users/paulyc/Development/DFMTuner/app/libs/fftw-3.3.7/build/CMakeFiles/feature_tests.cxx
Linking CXX executable cmTC_e7dbf
/usr/local/Cellar/cmake/3.11.1/bin/cmake -E cmake_link_script CMakeFiles/cmTC_e7dbf.dir/link.txt --verbose=1
/Users/paulyc/Development/Android/my-toolchain/bin/aarch64-linux-android-clang++    -Wl,-search_paths_first -Wl,-headerpad_max_install_names -pie  CMakeFiles/cmTC_e7dbf.dir/feature_tests.cxx.o  -o cmTC_e7dbf 
/Users/paulyc/Development/Android/my-toolchain/bin/../lib/gcc/aarch64-linux-android/4.9.x/../../../../aarch64-linux-android/bin/ld: warning: cannot find entry symbol arch_paths_first; defaulting to 0000000000000690


    Feature record: CXX_FEATURE:1cxx_aggregate_default_initializers
    Feature record: CXX_FEATURE:1cxx_alias_templates
    Feature record: CXX_FEATURE:1cxx_alignas
    Feature record: CXX_FEATURE:1cxx_alignof
    Feature record: CXX_FEATURE:1cxx_attributes
    Feature record: CXX_FEATURE:1cxx_attribute_deprecated
    Feature record: CXX_FEATURE:1cxx_auto_type
    Feature record: CXX_FEATURE:1cxx_binary_literals
    Feature record: CXX_FEATURE:1cxx_constexpr
    Feature record: CXX_FEATURE:1cxx_contextual_conversions
    Feature record: CXX_FEATURE:1cxx_decltype
    Feature record: CXX_FEATURE:1cxx_decltype_auto
    Feature record: CXX_FEATURE:1cxx_decltype_incomplete_return_types
    Feature record: CXX_FEATURE:1cxx_default_function_template_args
    Feature record: CXX_FEATURE:1cxx_defaulted_functions
    Feature record: CXX_FEATURE:1cxx_defaulted_move_initializers
    Feature record: CXX_FEATURE:1cxx_delegating_constructors
    Feature record: CXX_FEATURE:1cxx_deleted_functions
    Feature record: CXX_FEATURE:1cxx_digit_separators
    Feature record: CXX_FEATURE:1cxx_enum_forward_declarations
    Feature record: CXX_FEATURE:1cxx_explicit_conversions
    Feature record: CXX_FEATURE:1cxx_extended_friend_declarations
    Feature record: CXX_FEATURE:1cxx_extern_templates
    Feature record: CXX_FEATURE:1cxx_final
    Feature record: CXX_FEATURE:1cxx_func_identifier
    Feature record: CXX_FEATURE:1cxx_generalized_initializers
    Feature record: CXX_FEATURE:1cxx_generic_lambdas
    Feature record: CXX_FEATURE:1cxx_inheriting_constructors
    Feature record: CXX_FEATURE:1cxx_inline_namespaces
    Feature record: CXX_FEATURE:1cxx_lambdas
    Feature record: CXX_FEATURE:1cxx_lambda_init_captures
    Feature record: CXX_FEATURE:1cxx_local_type_template_args
    Feature record: CXX_FEATURE:1cxx_long_long_type
    Feature record: CXX_FEATURE:1cxx_noexcept
    Feature record: CXX_FEATURE:1cxx_nonstatic_member_init
    Feature record: CXX_FEATURE:1cxx_nullptr
    Feature record: CXX_FEATURE:1cxx_override
    Feature record: CXX_FEATURE:1cxx_range_for
    Feature record: CXX_FEATURE:1cxx_raw_string_literals
    Feature record: CXX_FEATURE:1cxx_reference_qualified_functions
    Feature record: CXX_FEATURE:1cxx_relaxed_constexpr
    Feature record: CXX_FEATURE:1cxx_return_type_deduction
    Feature record: CXX_FEATURE:1cxx_right_angle_brackets
    Feature record: CXX_FEATURE:1cxx_rvalue_references
    Feature record: CXX_FEATURE:1cxx_sizeof_member
    Feature record: CXX_FEATURE:1cxx_static_assert
    Feature record: CXX_FEATURE:1cxx_strong_enums
    Feature record: CXX_FEATURE:1cxx_template_template_parameters
    Feature record: CXX_FEATURE:1cxx_thread_local
    Feature record: CXX_FEATURE:1cxx_trailing_return_types
    Feature record: CXX_FEATURE:1cxx_unicode_literals
    Feature record: CXX_FEATURE:1cxx_uniform_initialization
    Feature record: CXX_FEATURE:1cxx_unrestricted_unions
    Feature record: CXX_FEATURE:1cxx_user_literals
    Feature record: CXX_FEATURE:1cxx_variable_templates
    Feature record: CXX_FEATURE:1cxx_variadic_macros
    Feature record: CXX_FEATURE:1cxx_variadic_templates


Detecting CXX [-std=c++14] compiler features compiled with the following output:
Change Dir: /Users/paulyc/Development/DFMTuner/app/libs/fftw-3.3.7/build/CMakeFiles/CMakeTmp

Run Build Command:"/usr/bin/make" "cmTC_c8a33/fast"
/Applications/Xcode.app/Contents/Developer/usr/bin/make -f CMakeFiles/cmTC_c8a33.dir/build.make CMakeFiles/cmTC_c8a33.dir/build
Building CXX object CMakeFiles/cmTC_c8a33.dir/feature_tests.cxx.o
/Users/paulyc/Development/Android/my-toolchain/bin/aarch64-linux-android-clang++    -std=c++14 -o CMakeFiles/cmTC_c8a33.dir/feature_tests.cxx.o -c /Users/paulyc/Development/DFMTuner/app/libs/fftw-3.3.7/build/CMakeFiles/feature_tests.cxx
Linking CXX executable cmTC_c8a33
/usr/local/Cellar/cmake/3.11.1/bin/cmake -E cmake_link_script CMakeFiles/cmTC_c8a33.dir/link.txt --verbose=1
/Users/paulyc/Development/Android/my-toolchain/bin/aarch64-linux-android-clang++    -Wl,-search_paths_first -Wl,-headerpad_max_install_names -pie  CMakeFiles/cmTC_c8a33.dir/feature_tests.cxx.o  -o cmTC_c8a33 
/Users/paulyc/Development/Android/my-toolchain/bin/../lib/gcc/aarch64-linux-android/4.9.x/../../../../aarch64-linux-android/bin/ld: warning: cannot find entry symbol arch_paths_first; defaulting to 0000000000000690


    Feature record: CXX_FEATURE:1cxx_aggregate_default_initializers
    Feature record: CXX_FEATURE:1cxx_alias_templates
    Feature record: CXX_FEATURE:1cxx_alignas
    Feature record: CXX_FEATURE:1cxx_alignof
    Feature record: CXX_FEATURE:1cxx_attributes
    Feature record: CXX_FEATURE:1cxx_attribute_deprecated
    Feature record: CXX_FEATURE:1cxx_auto_type
    Feature record: CXX_FEATURE:1cxx_binary_literals
    Feature record: CXX_FEATURE:1cxx_constexpr
    Feature record: CXX_FEATURE:1cxx_contextual_conversions
    Feature record: CXX_FEATURE:1cxx_decltype
    Feature record: CXX_FEATURE:1cxx_decltype_auto
    Feature record: CXX_FEATURE:1cxx_decltype_incomplete_return_types
    Feature record: CXX_FEATURE:1cxx_default_function_template_args
    Feature record: CXX_FEATURE:1cxx_defaulted_functions
    Feature record: CXX_FEATURE:1cxx_defaulted_move_initializers
    Feature record: CXX_FEATURE:1cxx_delegating_constructors
    Feature record: CXX_FEATURE:1cxx_deleted_functions
    Feature record: CXX_FEATURE:1cxx_digit_separators
    Feature record: CXX_FEATURE:1cxx_enum_forward_declarations
    Feature record: CXX_FEATURE:1cxx_explicit_conversions
    Feature record: CXX_FEATURE:1cxx_extended_friend_declarations
    Feature record: CXX_FEATURE:1cxx_extern_templates
    Feature record: CXX_FEATURE:1cxx_final
    Feature record: CXX_FEATURE:1cxx_func_identifier
    Feature record: CXX_FEATURE:1cxx_generalized_initializers
    Feature record: CXX_FEATURE:1cxx_generic_lambdas
    Feature record: CXX_FEATURE:1cxx_inheriting_constructors
    Feature record: CXX_FEATURE:1cxx_inline_namespaces
    Feature record: CXX_FEATURE:1cxx_lambdas
    Feature record: CXX_FEATURE:1cxx_lambda_init_captures
    Feature record: CXX_FEATURE:1cxx_local_type_template_args
    Feature record: CXX_FEATURE:1cxx_long_long_type
    Feature record: CXX_FEATURE:1cxx_noexcept
    Feature record: CXX_FEATURE:1cxx_nonstatic_member_init
    Feature record: CXX_FEATURE:1cxx_nullptr
    Feature record: CXX_FEATURE:1cxx_override
    Feature record: CXX_FEATURE:1cxx_range_for
    Feature record: CXX_FEATURE:1cxx_raw_string_literals
    Feature record: CXX_FEATURE:1cxx_reference_qualified_functions
    Feature record: CXX_FEATURE:1cxx_relaxed_constexpr
    Feature record: CXX_FEATURE:1cxx_return_type_deduction
    Feature record: CXX_FEATURE:1cxx_right_angle_brackets
    Feature record: CXX_FEATURE:1cxx_rvalue_references
    Feature record: CXX_FEATURE:1cxx_sizeof_member
    Feature record: CXX_FEATURE:1cxx_static_assert
    Feature record: CXX_FEATURE:1cxx_strong_enums
    Feature record: CXX_FEATURE:1cxx_template_template_parameters
    Feature record: CXX_FEATURE:1cxx_thread_local
    Feature record: CXX_FEATURE:1cxx_trailing_return_types
    Feature record: CXX_FEATURE:1cxx_unicode_literals
    Feature record: CXX_FEATURE:1cxx_uniform_initialization
    Feature record: CXX_FEATURE:1cxx_unrestricted_unions
    Feature record: CXX_FEATURE:1cxx_user_literals
    Feature record: CXX_FEATURE:1cxx_variable_templates
    Feature record: CXX_FEATURE:1cxx_variadic_macros
    Feature record: CXX_FEATURE:1cxx_variadic_templates


Detecting CXX [-std=c++11] compiler features compiled with the following output:
Change Dir: /Users/paulyc/Development/DFMTuner/app/libs/fftw-3.3.7/build/CMakeFiles/CMakeTmp

Run Build Command:"/usr/bin/make" "cmTC_0131a/fast"
/Applications/Xcode.app/Contents/Developer/usr/bin/make -f CMakeFiles/cmTC_0131a.dir/build.make CMakeFiles/cmTC_0131a.dir/build
Building CXX object CMakeFiles/cmTC_0131a.dir/feature_tests.cxx.o
/Users/paulyc/Development/Android/my-toolchain/bin/aarch64-linux-android-clang++    -std=c++11 -o CMakeFiles/cmTC_0131a.dir/feature_tests.cxx.o -c /Users/paulyc/Development/DFMTuner/app/libs/fftw-3.3.7/build/CMakeFiles/feature_tests.cxx
Linking CXX executable cmTC_0131a
/usr/local/Cellar/cmake/3.11.1/bin/cmake -E cmake_link_script CMakeFiles/cmTC_0131a.dir/link.txt --verbose=1
/Users/paulyc/Development/Android/my-toolchain/bin/aarch64-linux-android-clang++    -Wl,-search_paths_first -Wl,-headerpad_max_install_names -pie  CMakeFiles/cmTC_0131a.dir/feature_tests.cxx.o  -o cmTC_0131a 
/Users/paulyc/Development/Android/my-toolchain/bin/../lib/gcc/aarch64-linux-android/4.9.x/../../../../aarch64-linux-android/bin/ld: warning: cannot find entry symbol arch_paths_first; defaulting to 0000000000000690


    Feature record: CXX_FEATURE:0cxx_aggregate_default_initializers
    Feature record: CXX_FEATURE:1cxx_alias_templates
    Feature record: CXX_FEATURE:1cxx_alignas
    Feature record: CXX_FEATURE:1cxx_alignof
    Feature record: CXX_FEATURE:1cxx_attributes
    Feature record: CXX_FEATURE:0cxx_attribute_deprecated
    Feature record: CXX_FEATURE:1cxx_auto_type
    Feature record: CXX_FEATURE:0cxx_binary_literals
    Feature record: CXX_FEATURE:1cxx_constexpr
    Feature record: CXX_FEATURE:0cxx_contextual_conversions
    Feature record: CXX_FEATURE:1cxx_decltype
    Feature record: CXX_FEATURE:0cxx_decltype_auto
    Feature record: CXX_FEATURE:1cxx_decltype_incomplete_return_types
    Feature record: CXX_FEATURE:1cxx_default_function_template_args
    Feature record: CXX_FEATURE:1cxx_defaulted_functions
    Feature record: CXX_FEATURE:1cxx_defaulted_move_initializers
    Feature record: CXX_FEATURE:1cxx_delegating_constructors
    Feature record: CXX_FEATURE:1cxx_deleted_functions
    Feature record: CXX_FEATURE:0cxx_digit_separators
    Feature record: CXX_FEATURE:1cxx_enum_forward_declarations
    Feature record: CXX_FEATURE:1cxx_explicit_conversions
    Feature record: CXX_FEATURE:1cxx_extended_friend_declarations
    Feature record: CXX_FEATURE:1cxx_extern_templates
    Feature record: CXX_FEATURE:1cxx_final
    Feature record: CXX_FEATURE:1cxx_func_identifier
    Feature record: CXX_FEATURE:1cxx_generalized_initializers
    Feature record: CXX_FEATURE:0cxx_generic_lambdas
    Feature record: CXX_FEATURE:1cxx_inheriting_constructors
    Feature record: CXX_FEATURE:1cxx_inline_namespaces
    Feature record: CXX_FEATURE:1cxx_lambdas
    Feature record: CXX_FEATURE:0cxx_lambda_init_captures
    Feature record: CXX_FEATURE:1cxx_local_type_template_args
    Feature record: CXX_FEATURE:1cxx_long_long_type
    Feature record: CXX_FEATURE:1cxx_noexcept
    Feature record: CXX_FEATURE:1cxx_nonstatic_member_init
    Feature record: CXX_FEATURE:1cxx_nullptr
    Feature record: CXX_FEATURE:1cxx_override
    Feature record: CXX_FEATURE:1cxx_range_for
    Feature record: CXX_FEATURE:1cxx_raw_string_literals
    Feature record: CXX_FEATURE:1cxx_reference_qualified_functions
    Feature record: CXX_FEATURE:0cxx_relaxed_constexpr
    Feature record: CXX_FEATURE:0cxx_return_type_deduction
    Feature record: CXX_FEATURE:1cxx_right_angle_brackets
    Feature record: CXX_FEATURE:1cxx_rvalue_references
    Feature record: CXX_FEATURE:1cxx_sizeof_member
    Feature record: CXX_FEATURE:1cxx_static_assert
    Feature record: CXX_FEATURE:1cxx_strong_enums
    Feature record: CXX_FEATURE:1cxx_template_template_parameters
    Feature record: CXX_FEATURE:1cxx_thread_local
    Feature record: CXX_FEATURE:1cxx_trailing_return_types
    Feature record: CXX_FEATURE:1cxx_unicode_literals
    Feature record: CXX_FEATURE:1cxx_uniform_initialization
    Feature record: CXX_FEATURE:1cxx_unrestricted_unions
    Feature record: CXX_FEATURE:1cxx_user_literals
    Feature record: CXX_FEATURE:0cxx_variable_templates
    Feature record: CXX_FEATURE:1cxx_variadic_macros
    Feature record: CXX_FEATURE:1cxx_variadic_templates


Detecting CXX [-std=c++98] compiler features compiled with the following output:
Change Dir: /Users/paulyc/Development/DFMTuner/app/libs/fftw-3.3.7/build/CMakeFiles/CMakeTmp

Run Build Command:"/usr/bin/make" "cmTC_4b579/fast"
/Applications/Xcode.app/Contents/Developer/usr/bin/make -f CMakeFiles/cmTC_4b579.dir/build.make CMakeFiles/cmTC_4b579.dir/build
Building CXX object CMakeFiles/cmTC_4b579.dir/feature_tests.cxx.o
/Users/paulyc/Development/Android/my-toolchain/bin/aarch64-linux-android-clang++    -std=c++98 -o CMakeFiles/cmTC_4b579.dir/feature_tests.cxx.o -c /Users/paulyc/Development/DFMTuner/app/libs/fftw-3.3.7/build/CMakeFiles/feature_tests.cxx
Linking CXX executable cmTC_4b579
/usr/local/Cellar/cmake/3.11.1/bin/cmake -E cmake_link_script CMakeFiles/cmTC_4b579.dir/link.txt --verbose=1
/Users/paulyc/Development/Android/my-toolchain/bin/aarch64-linux-android-clang++    -Wl,-search_paths_first -Wl,-headerpad_max_install_names -pie  CMakeFiles/cmTC_4b579.dir/feature_tests.cxx.o  -o cmTC_4b579 
/Users/paulyc/Development/Android/my-toolchain/bin/../lib/gcc/aarch64-linux-android/4.9.x/../../../../aarch64-linux-android/bin/ld: warning: cannot find entry symbol arch_paths_first; defaulting to 0000000000000690


    Feature record: CXX_FEATURE:0cxx_aggregate_default_initializers
    Feature record: CXX_FEATURE:0cxx_alias_templates
    Feature record: CXX_FEATURE:0cxx_alignas
    Feature record: CXX_FEATURE:0cxx_alignof
    Feature record: CXX_FEATURE:0cxx_attributes
    Feature record: CXX_FEATURE:0cxx_attribute_deprecated
    Feature record: CXX_FEATURE:0cxx_auto_type
    Feature record: CXX_FEATURE:0cxx_binary_literals
    Feature record: CXX_FEATURE:0cxx_constexpr
    Feature record: CXX_FEATURE:0cxx_contextual_conversions
    Feature record: CXX_FEATURE:0cxx_decltype
    Feature record: CXX_FEATURE:0cxx_decltype_auto
    Feature record: CXX_FEATURE:0cxx_decltype_incomplete_return_types
    Feature record: CXX_FEATURE:0cxx_default_function_template_args
    Feature record: CXX_FEATURE:0cxx_defaulted_functions
    Feature record: CXX_FEATURE:0cxx_defaulted_move_initializers
    Feature record: CXX_FEATURE:0cxx_delegating_constructors
    Feature record: CXX_FEATURE:0cxx_deleted_functions
    Feature record: CXX_FEATURE:0cxx_digit_separators
    Feature record: CXX_FEATURE:0cxx_enum_forward_declarations
    Feature record: CXX_FEATURE:0cxx_explicit_conversions
    Feature record: CXX_FEATURE:0cxx_extended_friend_declarations
    Feature record: CXX_FEATURE:0cxx_extern_templates
    Feature record: CXX_FEATURE:0cxx_final
    Feature record: CXX_FEATURE:0cxx_func_identifier
    Feature record: CXX_FEATURE:0cxx_generalized_initializers
    Feature record: CXX_FEATURE:0cxx_generic_lambdas
    Feature record: CXX_FEATURE:0cxx_inheriting_constructors
    Feature record: CXX_FEATURE:0cxx_inline_namespaces
    Feature record: CXX_FEATURE:0cxx_lambdas
    Feature record: CXX_FEATURE:0cxx_lambda_init_captures
    Feature record: CXX_FEATURE:0cxx_local_type_template_args
    Feature record: CXX_FEATURE:0cxx_long_long_type
    Feature record: CXX_FEATURE:0cxx_noexcept
    Feature record: CXX_FEATURE:0cxx_nonstatic_member_init
    Feature record: CXX_FEATURE:0cxx_nullptr
    Feature record: CXX_FEATURE:0cxx_override
    Feature record: CXX_FEATURE:0cxx_range_for
    Feature record: CXX_FEATURE:0cxx_raw_string_literals
    Feature record: CXX_FEATURE:0cxx_reference_qualified_functions
    Feature record: CXX_FEATURE:0cxx_relaxed_constexpr
    Feature record: CXX_FEATURE:0cxx_return_type_deduction
    Feature record: CXX_FEATURE:0cxx_right_angle_brackets
    Feature record: CXX_FEATURE:0cxx_rvalue_references
    Feature record: CXX_FEATURE:0cxx_sizeof_member
    Feature record: CXX_FEATURE:0cxx_static_assert
    Feature record: CXX_FEATURE:0cxx_strong_enums
    Feature record: CXX_FEATURE:1cxx_template_template_parameters
    Feature record: CXX_FEATURE:0cxx_thread_local
    Feature record: CXX_FEATURE:0cxx_trailing_return_types
    Feature record: CXX_FEATURE:0cxx_unicode_literals
    Feature record: CXX_FEATURE:0cxx_uniform_initialization
    Feature record: CXX_FEATURE:0cxx_unrestricted_unions
    Feature record: CXX_FEATURE:0cxx_user_literals
    Feature record: CXX_FEATURE:0cxx_variable_templates
    Feature record: CXX_FEATURE:0cxx_variadic_macros
    Feature record: CXX_FEATURE:0cxx_variadic_templates
Determining if the include file alloca.h exists passed with the following output:
Change Dir: /Users/paulyc/Development/DFMTuner/app/libs/fftw-3.3.7/build/CMakeFiles/CMakeTmp

Run Build Command:"/usr/bin/make" "cmTC_523dc/fast"
/Applications/Xcode.app/Contents/Developer/usr/bin/make -f CMakeFiles/cmTC_523dc.dir/build.make CMakeFiles/cmTC_523dc.dir/build
Building C object CMakeFiles/cmTC_523dc.dir/CheckIncludeFile.c.o
/Users/paulyc/Development/Android/my-toolchain/bin/aarch64-linux-android-clang   -fPIE -fPIC    -o CMakeFiles/cmTC_523dc.dir/CheckIncludeFile.c.o   -c /Users/paulyc/Development/DFMTuner/app/libs/fftw-3.3.7/build/CMakeFiles/CMakeTmp/CheckIncludeFile.c
Linking C executable cmTC_523dc
/usr/local/Cellar/cmake/3.11.1/bin/cmake -E cmake_link_script CMakeFiles/cmTC_523dc.dir/link.txt --verbose=1
/Users/paulyc/Development/Android/my-toolchain/bin/aarch64-linux-android-clang -fPIE -fPIC  -Wl,-search_paths_first -Wl,-headerpad_max_install_names -pie  CMakeFiles/cmTC_523dc.dir/CheckIncludeFile.c.o  -o cmTC_523dc 
/Users/paulyc/Development/Android/my-toolchain/bin/../lib/gcc/aarch64-linux-android/4.9.x/../../../../aarch64-linux-android/bin/ld: warning: cannot find entry symbol arch_paths_first; defaulting to 00000000000005e0


Determining if the include file inttypes.h exists passed with the following output:
Change Dir: /Users/paulyc/Development/DFMTuner/app/libs/fftw-3.3.7/build/CMakeFiles/CMakeTmp

Run Build Command:"/usr/bin/make" "cmTC_6139a/fast"
/Applications/Xcode.app/Contents/Developer/usr/bin/make -f CMakeFiles/cmTC_6139a.dir/build.make CMakeFiles/cmTC_6139a.dir/build
Building C object CMakeFiles/cmTC_6139a.dir/CheckIncludeFile.c.o
/Users/paulyc/Development/Android/my-toolchain/bin/aarch64-linux-android-clang   -fPIE -fPIC    -o CMakeFiles/cmTC_6139a.dir/CheckIncludeFile.c.o   -c /Users/paulyc/Development/DFMTuner/app/libs/fftw-3.3.7/build/CMakeFiles/CMakeTmp/CheckIncludeFile.c
Linking C executable cmTC_6139a
/usr/local/Cellar/cmake/3.11.1/bin/cmake -E cmake_link_script CMakeFiles/cmTC_6139a.dir/link.txt --verbose=1
/Users/paulyc/Development/Android/my-toolchain/bin/aarch64-linux-android-clang -fPIE -fPIC  -Wl,-search_paths_first -Wl,-headerpad_max_install_names -pie  CMakeFiles/cmTC_6139a.dir/CheckIncludeFile.c.o  -o cmTC_6139a 
/Users/paulyc/Development/Android/my-toolchain/bin/../lib/gcc/aarch64-linux-android/4.9.x/../../../../aarch64-linux-android/bin/ld: warning: cannot find entry symbol arch_paths_first; defaulting to 00000000000005e0


Determining if the include file limits.h exists passed with the following output:
Change Dir: /Users/paulyc/Development/DFMTuner/app/libs/fftw-3.3.7/build/CMakeFiles/CMakeTmp

Run Build Command:"/usr/bin/make" "cmTC_8e0a8/fast"
/Applications/Xcode.app/Contents/Developer/usr/bin/make -f CMakeFiles/cmTC_8e0a8.dir/build.make CMakeFiles/cmTC_8e0a8.dir/build
Building C object CMakeFiles/cmTC_8e0a8.dir/CheckIncludeFile.c.o
/Users/paulyc/Development/Android/my-toolchain/bin/aarch64-linux-android-clang   -fPIE -fPIC    -o CMakeFiles/cmTC_8e0a8.dir/CheckIncludeFile.c.o   -c /Users/paulyc/Development/DFMTuner/app/libs/fftw-3.3.7/build/CMakeFiles/CMakeTmp/CheckIncludeFile.c
Linking C executable cmTC_8e0a8
/usr/local/Cellar/cmake/3.11.1/bin/cmake -E cmake_link_script CMakeFiles/cmTC_8e0a8.dir/link.txt --verbose=1
/Users/paulyc/Development/Android/my-toolchain/bin/aarch64-linux-android-clang -fPIE -fPIC  -Wl,-search_paths_first -Wl,-headerpad_max_install_names -pie  CMakeFiles/cmTC_8e0a8.dir/CheckIncludeFile.c.o  -o cmTC_8e0a8 
/Users/paulyc/Development/Android/my-toolchain/bin/../lib/gcc/aarch64-linux-android/4.9.x/../../../../aarch64-linux-android/bin/ld: warning: cannot find entry symbol arch_paths_first; defaulting to 00000000000005e0


Determining if the include file malloc.h exists passed with the following output:
Change Dir: /Users/paulyc/Development/DFMTuner/app/libs/fftw-3.3.7/build/CMakeFiles/CMakeTmp

Run Build Command:"/usr/bin/make" "cmTC_d68e2/fast"
/Applications/Xcode.app/Contents/Developer/usr/bin/make -f CMakeFiles/cmTC_d68e2.dir/build.make CMakeFiles/cmTC_d68e2.dir/build
Building C object CMakeFiles/cmTC_d68e2.dir/CheckIncludeFile.c.o
/Users/paulyc/Development/Android/my-toolchain/bin/aarch64-linux-android-clang   -fPIE -fPIC    -o CMakeFiles/cmTC_d68e2.dir/CheckIncludeFile.c.o   -c /Users/paulyc/Development/DFMTuner/app/libs/fftw-3.3.7/build/CMakeFiles/CMakeTmp/CheckIncludeFile.c
Linking C executable cmTC_d68e2
/usr/local/Cellar/cmake/3.11.1/bin/cmake -E cmake_link_script CMakeFiles/cmTC_d68e2.dir/link.txt --verbose=1
/Users/paulyc/Development/Android/my-toolchain/bin/aarch64-linux-android-clang -fPIE -fPIC  -Wl,-search_paths_first -Wl,-headerpad_max_install_names -pie  CMakeFiles/cmTC_d68e2.dir/CheckIncludeFile.c.o  -o cmTC_d68e2 
/Users/paulyc/Development/Android/my-toolchain/bin/../lib/gcc/aarch64-linux-android/4.9.x/../../../../aarch64-linux-android/bin/ld: warning: cannot find entry symbol arch_paths_first; defaulting to 00000000000005e0


Determining if the include file memory.h exists passed with the following output:
Change Dir: /Users/paulyc/Development/DFMTuner/app/libs/fftw-3.3.7/build/CMakeFiles/CMakeTmp

Run Build Command:"/usr/bin/make" "cmTC_85276/fast"
/Applications/Xcode.app/Contents/Developer/usr/bin/make -f CMakeFiles/cmTC_85276.dir/build.make CMakeFiles/cmTC_85276.dir/build
Building C object CMakeFiles/cmTC_85276.dir/CheckIncludeFile.c.o
/Users/paulyc/Development/Android/my-toolchain/bin/aarch64-linux-android-clang   -fPIE -fPIC    -o CMakeFiles/cmTC_85276.dir/CheckIncludeFile.c.o   -c /Users/paulyc/Development/DFMTuner/app/libs/fftw-3.3.7/build/CMakeFiles/CMakeTmp/CheckIncludeFile.c
Linking C executable cmTC_85276
/usr/local/Cellar/cmake/3.11.1/bin/cmake -E cmake_link_script CMakeFiles/cmTC_85276.dir/link.txt --verbose=1
/Users/paulyc/Development/Android/my-toolchain/bin/aarch64-linux-android-clang -fPIE -fPIC  -Wl,-search_paths_first -Wl,-headerpad_max_install_names -pie  CMakeFiles/cmTC_85276.dir/CheckIncludeFile.c.o  -o cmTC_85276 
/Users/paulyc/Development/Android/my-toolchain/bin/../lib/gcc/aarch64-linux-android/4.9.x/../../../../aarch64-linux-android/bin/ld: warning: cannot find entry symbol arch_paths_first; defaulting to 00000000000005e0


Determining if the include file stddef.h exists passed with the following output:
Change Dir: /Users/paulyc/Development/DFMTuner/app/libs/fftw-3.3.7/build/CMakeFiles/CMakeTmp

Run Build Command:"/usr/bin/make" "cmTC_8d136/fast"
/Applications/Xcode.app/Contents/Developer/usr/bin/make -f CMakeFiles/cmTC_8d136.dir/build.make CMakeFiles/cmTC_8d136.dir/build
Building C object CMakeFiles/cmTC_8d136.dir/CheckIncludeFile.c.o
/Users/paulyc/Development/Android/my-toolchain/bin/aarch64-linux-android-clang   -fPIE -fPIC    -o CMakeFiles/cmTC_8d136.dir/CheckIncludeFile.c.o   -c /Users/paulyc/Development/DFMTuner/app/libs/fftw-3.3.7/build/CMakeFiles/CMakeTmp/CheckIncludeFile.c
Linking C executable cmTC_8d136
/usr/local/Cellar/cmake/3.11.1/bin/cmake -E cmake_link_script CMakeFiles/cmTC_8d136.dir/link.txt --verbose=1
/Users/paulyc/Development/Android/my-toolchain/bin/aarch64-linux-android-clang -fPIE -fPIC  -Wl,-search_paths_first -Wl,-headerpad_max_install_names -pie  CMakeFiles/cmTC_8d136.dir/CheckIncludeFile.c.o  -o cmTC_8d136 
/Users/paulyc/Development/Android/my-toolchain/bin/../lib/gcc/aarch64-linux-android/4.9.x/../../../../aarch64-linux-android/bin/ld: warning: cannot find entry symbol arch_paths_first; defaulting to 00000000000005e0


Determining if the include file stdint.h exists passed with the following output:
Change Dir: /Users/paulyc/Development/DFMTuner/app/libs/fftw-3.3.7/build/CMakeFiles/CMakeTmp

Run Build Command:"/usr/bin/make" "cmTC_90634/fast"
/Applications/Xcode.app/Contents/Developer/usr/bin/make -f CMakeFiles/cmTC_90634.dir/build.make CMakeFiles/cmTC_90634.dir/build
Building C object CMakeFiles/cmTC_90634.dir/CheckIncludeFile.c.o
/Users/paulyc/Development/Android/my-toolchain/bin/aarch64-linux-android-clang   -fPIE -fPIC    -o CMakeFiles/cmTC_90634.dir/CheckIncludeFile.c.o   -c /Users/paulyc/Development/DFMTuner/app/libs/fftw-3.3.7/build/CMakeFiles/CMakeTmp/CheckIncludeFile.c
Linking C executable cmTC_90634
/usr/local/Cellar/cmake/3.11.1/bin/cmake -E cmake_link_script CMakeFiles/cmTC_90634.dir/link.txt --verbose=1
/Users/paulyc/Development/Android/my-toolchain/bin/aarch64-linux-android-clang -fPIE -fPIC  -Wl,-search_paths_first -Wl,-headerpad_max_install_names -pie  CMakeFiles/cmTC_90634.dir/CheckIncludeFile.c.o  -o cmTC_90634 
/Users/paulyc/Development/Android/my-toolchain/bin/../lib/gcc/aarch64-linux-android/4.9.x/../../../../aarch64-linux-android/bin/ld: warning: cannot find entry symbol arch_paths_first; defaulting to 00000000000005e0


Determining if the include file stdlib.h exists passed with the following output:
Change Dir: /Users/paulyc/Development/DFMTuner/app/libs/fftw-3.3.7/build/CMakeFiles/CMakeTmp

Run Build Command:"/usr/bin/make" "cmTC_85e5f/fast"
/Applications/Xcode.app/Contents/Developer/usr/bin/make -f CMakeFiles/cmTC_85e5f.dir/build.make CMakeFiles/cmTC_85e5f.dir/build
Building C object CMakeFiles/cmTC_85e5f.dir/CheckIncludeFile.c.o
/Users/paulyc/Development/Android/my-toolchain/bin/aarch64-linux-android-clang   -fPIE -fPIC    -o CMakeFiles/cmTC_85e5f.dir/CheckIncludeFile.c.o   -c /Users/paulyc/Development/DFMTuner/app/libs/fftw-3.3.7/build/CMakeFiles/CMakeTmp/CheckIncludeFile.c
Linking C executable cmTC_85e5f
/usr/local/Cellar/cmake/3.11.1/bin/cmake -E cmake_link_script CMakeFiles/cmTC_85e5f.dir/link.txt --verbose=1
/Users/paulyc/Development/Android/my-toolchain/bin/aarch64-linux-android-clang -fPIE -fPIC  -Wl,-search_paths_first -Wl,-headerpad_max_install_names -pie  CMakeFiles/cmTC_85e5f.dir/CheckIncludeFile.c.o  -o cmTC_85e5f 
/Users/paulyc/Development/Android/my-toolchain/bin/../lib/gcc/aarch64-linux-android/4.9.x/../../../../aarch64-linux-android/bin/ld: warning: cannot find entry symbol arch_paths_first; defaulting to 00000000000005e0


Determining if the include file string.h exists passed with the following output:
Change Dir: /Users/paulyc/Development/DFMTuner/app/libs/fftw-3.3.7/build/CMakeFiles/CMakeTmp

Run Build Command:"/usr/bin/make" "cmTC_b3010/fast"
/Applications/Xcode.app/Contents/Developer/usr/bin/make -f CMakeFiles/cmTC_b3010.dir/build.make CMakeFiles/cmTC_b3010.dir/build
Building C object CMakeFiles/cmTC_b3010.dir/CheckIncludeFile.c.o
/Users/paulyc/Development/Android/my-toolchain/bin/aarch64-linux-android-clang   -fPIE -fPIC    -o CMakeFiles/cmTC_b3010.dir/CheckIncludeFile.c.o   -c /Users/paulyc/Development/DFMTuner/app/libs/fftw-3.3.7/build/CMakeFiles/CMakeTmp/CheckIncludeFile.c
Linking C executable cmTC_b3010
/usr/local/Cellar/cmake/3.11.1/bin/cmake -E cmake_link_script CMakeFiles/cmTC_b3010.dir/link.txt --verbose=1
/Users/paulyc/Development/Android/my-toolchain/bin/aarch64-linux-android-clang -fPIE -fPIC  -Wl,-search_paths_first -Wl,-headerpad_max_install_names -pie  CMakeFiles/cmTC_b3010.dir/CheckIncludeFile.c.o  -o cmTC_b3010 
/Users/paulyc/Development/Android/my-toolchain/bin/../lib/gcc/aarch64-linux-android/4.9.x/../../../../aarch64-linux-android/bin/ld: warning: cannot find entry symbol arch_paths_first; defaulting to 00000000000005e0


Determining if the include file strings.h exists passed with the following output:
Change Dir: /Users/paulyc/Development/DFMTuner/app/libs/fftw-3.3.7/build/CMakeFiles/CMakeTmp

Run Build Command:"/usr/bin/make" "cmTC_ac26f/fast"
/Applications/Xcode.app/Contents/Developer/usr/bin/make -f CMakeFiles/cmTC_ac26f.dir/build.make CMakeFiles/cmTC_ac26f.dir/build
Building C object CMakeFiles/cmTC_ac26f.dir/CheckIncludeFile.c.o
/Users/paulyc/Development/Android/my-toolchain/bin/aarch64-linux-android-clang   -fPIE -fPIC    -o CMakeFiles/cmTC_ac26f.dir/CheckIncludeFile.c.o   -c /Users/paulyc/Development/DFMTuner/app/libs/fftw-3.3.7/build/CMakeFiles/CMakeTmp/CheckIncludeFile.c
Linking C executable cmTC_ac26f
/usr/local/Cellar/cmake/3.11.1/bin/cmake -E cmake_link_script CMakeFiles/cmTC_ac26f.dir/link.txt --verbose=1
/Users/paulyc/Development/Android/my-toolchain/bin/aarch64-linux-android-clang -fPIE -fPIC  -Wl,-search_paths_first -Wl,-headerpad_max_install_names -pie  CMakeFiles/cmTC_ac26f.dir/CheckIncludeFile.c.o  -o cmTC_ac26f 
/Users/paulyc/Development/Android/my-toolchain/bin/../lib/gcc/aarch64-linux-android/4.9.x/../../../../aarch64-linux-android/bin/ld: warning: cannot find entry symbol arch_paths_first; defaulting to 00000000000005e0


Determining if the include file sys/types.h exists passed with the following output:
Change Dir: /Users/paulyc/Development/DFMTuner/app/libs/fftw-3.3.7/build/CMakeFiles/CMakeTmp

Run Build Command:"/usr/bin/make" "cmTC_bea7c/fast"
/Applications/Xcode.app/Contents/Developer/usr/bin/make -f CMakeFiles/cmTC_bea7c.dir/build.make CMakeFiles/cmTC_bea7c.dir/build
Building C object CMakeFiles/cmTC_bea7c.dir/CheckIncludeFile.c.o
/Users/paulyc/Development/Android/my-toolchain/bin/aarch64-linux-android-clang   -fPIE -fPIC    -o CMakeFiles/cmTC_bea7c.dir/CheckIncludeFile.c.o   -c /Users/paulyc/Development/DFMTuner/app/libs/fftw-3.3.7/build/CMakeFiles/CMakeTmp/CheckIncludeFile.c
Linking C executable cmTC_bea7c
/usr/local/Cellar/cmake/3.11.1/bin/cmake -E cmake_link_script CMakeFiles/cmTC_bea7c.dir/link.txt --verbose=1
/Users/paulyc/Development/Android/my-toolchain/bin/aarch64-linux-android-clang -fPIE -fPIC  -Wl,-search_paths_first -Wl,-headerpad_max_install_names -pie  CMakeFiles/cmTC_bea7c.dir/CheckIncludeFile.c.o  -o cmTC_bea7c 
/Users/paulyc/Development/Android/my-toolchain/bin/../lib/gcc/aarch64-linux-android/4.9.x/../../../../aarch64-linux-android/bin/ld: warning: cannot find entry symbol arch_paths_first; defaulting to 00000000000005e0


Determining if the include file sys/time.h exists passed with the following output:
Change Dir: /Users/paulyc/Development/DFMTuner/app/libs/fftw-3.3.7/build/CMakeFiles/CMakeTmp

Run Build Command:"/usr/bin/make" "cmTC_50300/fast"
/Applications/Xcode.app/Contents/Developer/usr/bin/make -f CMakeFiles/cmTC_50300.dir/build.make CMakeFiles/cmTC_50300.dir/build
Building C object CMakeFiles/cmTC_50300.dir/CheckIncludeFile.c.o
/Users/paulyc/Development/Android/my-toolchain/bin/aarch64-linux-android-clang   -fPIE -fPIC    -o CMakeFiles/cmTC_50300.dir/CheckIncludeFile.c.o   -c /Users/paulyc/Development/DFMTuner/app/libs/fftw-3.3.7/build/CMakeFiles/CMakeTmp/CheckIncludeFile.c
Linking C executable cmTC_50300
/usr/local/Cellar/cmake/3.11.1/bin/cmake -E cmake_link_script CMakeFiles/cmTC_50300.dir/link.txt --verbose=1
/Users/paulyc/Development/Android/my-toolchain/bin/aarch64-linux-android-clang -fPIE -fPIC  -Wl,-search_paths_first -Wl,-headerpad_max_install_names -pie  CMakeFiles/cmTC_50300.dir/CheckIncludeFile.c.o  -o cmTC_50300 
/Users/paulyc/Development/Android/my-toolchain/bin/../lib/gcc/aarch64-linux-android/4.9.x/../../../../aarch64-linux-android/bin/ld: warning: cannot find entry symbol arch_paths_first; defaulting to 00000000000005e0


Determining if the include file sys/stat.h exists passed with the following output:
Change Dir: /Users/paulyc/Development/DFMTuner/app/libs/fftw-3.3.7/build/CMakeFiles/CMakeTmp

Run Build Command:"/usr/bin/make" "cmTC_e4167/fast"
/Applications/Xcode.app/Contents/Developer/usr/bin/make -f CMakeFiles/cmTC_e4167.dir/build.make CMakeFiles/cmTC_e4167.dir/build
Building C object CMakeFiles/cmTC_e4167.dir/CheckIncludeFile.c.o
/Users/paulyc/Development/Android/my-toolchain/bin/aarch64-linux-android-clang   -fPIE -fPIC    -o CMakeFiles/cmTC_e4167.dir/CheckIncludeFile.c.o   -c /Users/paulyc/Development/DFMTuner/app/libs/fftw-3.3.7/build/CMakeFiles/CMakeTmp/CheckIncludeFile.c
Linking C executable cmTC_e4167
/usr/local/Cellar/cmake/3.11.1/bin/cmake -E cmake_link_script CMakeFiles/cmTC_e4167.dir/link.txt --verbose=1
/Users/paulyc/Development/Android/my-toolchain/bin/aarch64-linux-android-clang -fPIE -fPIC  -Wl,-search_paths_first -Wl,-headerpad_max_install_names -pie  CMakeFiles/cmTC_e4167.dir/CheckIncludeFile.c.o  -o cmTC_e4167 
/Users/paulyc/Development/Android/my-toolchain/bin/../lib/gcc/aarch64-linux-android/4.9.x/../../../../aarch64-linux-android/bin/ld: warning: cannot find entry symbol arch_paths_first; defaulting to 00000000000005e0


Determining if the include file time.h exists passed with the following output:
Change Dir: /Users/paulyc/Development/DFMTuner/app/libs/fftw-3.3.7/build/CMakeFiles/CMakeTmp

Run Build Command:"/usr/bin/make" "cmTC_8287a/fast"
/Applications/Xcode.app/Contents/Developer/usr/bin/make -f CMakeFiles/cmTC_8287a.dir/build.make CMakeFiles/cmTC_8287a.dir/build
Building C object CMakeFiles/cmTC_8287a.dir/CheckIncludeFile.c.o
/Users/paulyc/Development/Android/my-toolchain/bin/aarch64-linux-android-clang   -fPIE -fPIC    -o CMakeFiles/cmTC_8287a.dir/CheckIncludeFile.c.o   -c /Users/paulyc/Development/DFMTuner/app/libs/fftw-3.3.7/build/CMakeFiles/CMakeTmp/CheckIncludeFile.c
Linking C executable cmTC_8287a
/usr/local/Cellar/cmake/3.11.1/bin/cmake -E cmake_link_script CMakeFiles/cmTC_8287a.dir/link.txt --verbose=1
/Users/paulyc/Development/Android/my-toolchain/bin/aarch64-linux-android-clang -fPIE -fPIC  -Wl,-search_paths_first -Wl,-headerpad_max_install_names -pie  CMakeFiles/cmTC_8287a.dir/CheckIncludeFile.c.o  -o cmTC_8287a 
/Users/paulyc/Development/Android/my-toolchain/bin/../lib/gcc/aarch64-linux-android/4.9.x/../../../../aarch64-linux-android/bin/ld: warning: cannot find entry symbol arch_paths_first; defaulting to 00000000000005e0


Determining if the include file unistd.h exists passed with the following output:
Change Dir: /Users/paulyc/Development/DFMTuner/app/libs/fftw-3.3.7/build/CMakeFiles/CMakeTmp

Run Build Command:"/usr/bin/make" "cmTC_49987/fast"
/Applications/Xcode.app/Contents/Developer/usr/bin/make -f CMakeFiles/cmTC_49987.dir/build.make CMakeFiles/cmTC_49987.dir/build
Building C object CMakeFiles/cmTC_49987.dir/CheckIncludeFile.c.o
/Users/paulyc/Development/Android/my-toolchain/bin/aarch64-linux-android-clang   -fPIE -fPIC    -o CMakeFiles/cmTC_49987.dir/CheckIncludeFile.c.o   -c /Users/paulyc/Development/DFMTuner/app/libs/fftw-3.3.7/build/CMakeFiles/CMakeTmp/CheckIncludeFile.c
Linking C executable cmTC_49987
/usr/local/Cellar/cmake/3.11.1/bin/cmake -E cmake_link_script CMakeFiles/cmTC_49987.dir/link.txt --verbose=1
/Users/paulyc/Development/Android/my-toolchain/bin/aarch64-linux-android-clang -fPIE -fPIC  -Wl,-search_paths_first -Wl,-headerpad_max_install_names -pie  CMakeFiles/cmTC_49987.dir/CheckIncludeFile.c.o  -o cmTC_49987 
/Users/paulyc/Development/Android/my-toolchain/bin/../lib/gcc/aarch64-linux-android/4.9.x/../../../../aarch64-linux-android/bin/ld: warning: cannot find entry symbol arch_paths_first; defaulting to 00000000000005e0


Determining if the prototype drand48 exists for HAVE_DECL_DRAND48 passed with the following output:
Change Dir: /Users/paulyc/Development/DFMTuner/app/libs/fftw-3.3.7/build/CMakeFiles/CMakeTmp

Run Build Command:"/usr/bin/make" "cmTC_b349f/fast"
/Applications/Xcode.app/Contents/Developer/usr/bin/make -f CMakeFiles/cmTC_b349f.dir/build.make CMakeFiles/cmTC_b349f.dir/build
Building C object CMakeFiles/cmTC_b349f.dir/CheckPrototypeDefinition.c.o
/Users/paulyc/Development/Android/my-toolchain/bin/aarch64-linux-android-clang   -fPIE -fPIC    -o CMakeFiles/cmTC_b349f.dir/CheckPrototypeDefinition.c.o   -c /Users/paulyc/Development/DFMTuner/app/libs/fftw-3.3.7/build/CMakeFiles/CMakeTmp/CheckPrototypeDefinition.c
Linking C executable cmTC_b349f
/usr/local/Cellar/cmake/3.11.1/bin/cmake -E cmake_link_script CMakeFiles/cmTC_b349f.dir/link.txt --verbose=1
/Users/paulyc/Development/Android/my-toolchain/bin/aarch64-linux-android-clang -fPIE -fPIC  -Wl,-search_paths_first -Wl,-headerpad_max_install_names -pie  CMakeFiles/cmTC_b349f.dir/CheckPrototypeDefinition.c.o  -o cmTC_b349f 
/Users/paulyc/Development/Android/my-toolchain/bin/../lib/gcc/aarch64-linux-android/4.9.x/../../../../aarch64-linux-android/bin/ld: warning: cannot find entry symbol arch_paths_first; defaulting to 0000000000000620


Determining if the prototype cosl exists for HAVE_DECL_COSL passed with the following output:
Change Dir: /Users/paulyc/Development/DFMTuner/app/libs/fftw-3.3.7/build/CMakeFiles/CMakeTmp

Run Build Command:"/usr/bin/make" "cmTC_f9436/fast"
/Applications/Xcode.app/Contents/Developer/usr/bin/make -f CMakeFiles/cmTC_f9436.dir/build.make CMakeFiles/cmTC_f9436.dir/build
Building C object CMakeFiles/cmTC_f9436.dir/CheckPrototypeDefinition.c.o
/Users/paulyc/Development/Android/my-toolchain/bin/aarch64-linux-android-clang   -fPIE -fPIC    -o CMakeFiles/cmTC_f9436.dir/CheckPrototypeDefinition.c.o   -c /Users/paulyc/Development/DFMTuner/app/libs/fftw-3.3.7/build/CMakeFiles/CMakeTmp/CheckPrototypeDefinition.c
Linking C executable cmTC_f9436
/usr/local/Cellar/cmake/3.11.1/bin/cmake -E cmake_link_script CMakeFiles/cmTC_f9436.dir/link.txt --verbose=1
/Users/paulyc/Development/Android/my-toolchain/bin/aarch64-linux-android-clang -fPIE -fPIC  -Wl,-search_paths_first -Wl,-headerpad_max_install_names -pie  CMakeFiles/cmTC_f9436.dir/CheckPrototypeDefinition.c.o  -o cmTC_f9436 
/Users/paulyc/Development/Android/my-toolchain/bin/../lib/gcc/aarch64-linux-android/4.9.x/../../../../aarch64-linux-android/bin/ld: warning: cannot find entry symbol arch_paths_first; defaulting to 0000000000000620


Determining if the prototype sinl exists for HAVE_DECL_SINL passed with the following output:
Change Dir: /Users/paulyc/Development/DFMTuner/app/libs/fftw-3.3.7/build/CMakeFiles/CMakeTmp

Run Build Command:"/usr/bin/make" "cmTC_a44cd/fast"
/Applications/Xcode.app/Contents/Developer/usr/bin/make -f CMakeFiles/cmTC_a44cd.dir/build.make CMakeFiles/cmTC_a44cd.dir/build
Building C object CMakeFiles/cmTC_a44cd.dir/CheckPrototypeDefinition.c.o
/Users/paulyc/Development/Android/my-toolchain/bin/aarch64-linux-android-clang   -fPIE -fPIC    -o CMakeFiles/cmTC_a44cd.dir/CheckPrototypeDefinition.c.o   -c /Users/paulyc/Development/DFMTuner/app/libs/fftw-3.3.7/build/CMakeFiles/CMakeTmp/CheckPrototypeDefinition.c
Linking C executable cmTC_a44cd
/usr/local/Cellar/cmake/3.11.1/bin/cmake -E cmake_link_script CMakeFiles/cmTC_a44cd.dir/link.txt --verbose=1
/Users/paulyc/Development/Android/my-toolchain/bin/aarch64-linux-android-clang -fPIE -fPIC  -Wl,-search_paths_first -Wl,-headerpad_max_install_names -pie  CMakeFiles/cmTC_a44cd.dir/CheckPrototypeDefinition.c.o  -o cmTC_a44cd 
/Users/paulyc/Development/Android/my-toolchain/bin/../lib/gcc/aarch64-linux-android/4.9.x/../../../../aarch64-linux-android/bin/ld: warning: cannot find entry symbol arch_paths_first; defaulting to 0000000000000620


Determining if the prototype memalign exists for HAVE_DECL_MEMALIGN passed with the following output:
Change Dir: /Users/paulyc/Development/DFMTuner/app/libs/fftw-3.3.7/build/CMakeFiles/CMakeTmp

Run Build Command:"/usr/bin/make" "cmTC_7af0d/fast"
/Applications/Xcode.app/Contents/Developer/usr/bin/make -f CMakeFiles/cmTC_7af0d.dir/build.make CMakeFiles/cmTC_7af0d.dir/build
Building C object CMakeFiles/cmTC_7af0d.dir/CheckPrototypeDefinition.c.o
/Users/paulyc/Development/Android/my-toolchain/bin/aarch64-linux-android-clang   -fPIE -fPIC    -o CMakeFiles/cmTC_7af0d.dir/CheckPrototypeDefinition.c.o   -c /Users/paulyc/Development/DFMTuner/app/libs/fftw-3.3.7/build/CMakeFiles/CMakeTmp/CheckPrototypeDefinition.c
Linking C executable cmTC_7af0d
/usr/local/Cellar/cmake/3.11.1/bin/cmake -E cmake_link_script CMakeFiles/cmTC_7af0d.dir/link.txt --verbose=1
/Users/paulyc/Development/Android/my-toolchain/bin/aarch64-linux-android-clang -fPIE -fPIC  -Wl,-search_paths_first -Wl,-headerpad_max_install_names -pie  CMakeFiles/cmTC_7af0d.dir/CheckPrototypeDefinition.c.o  -o cmTC_7af0d 
/Users/paulyc/Development/Android/my-toolchain/bin/../lib/gcc/aarch64-linux-android/4.9.x/../../../../aarch64-linux-android/bin/ld: warning: cannot find entry symbol arch_paths_first; defaulting to 0000000000000620


Determining if the prototype posix_memalign exists for HAVE_DECL_POSIX_MEMALIGN passed with the following output:
Change Dir: /Users/paulyc/Development/DFMTuner/app/libs/fftw-3.3.7/build/CMakeFiles/CMakeTmp

Run Build Command:"/usr/bin/make" "cmTC_c2135/fast"
/Applications/Xcode.app/Contents/Developer/usr/bin/make -f CMakeFiles/cmTC_c2135.dir/build.make CMakeFiles/cmTC_c2135.dir/build
Building C object CMakeFiles/cmTC_c2135.dir/CheckPrototypeDefinition.c.o
/Users/paulyc/Development/Android/my-toolchain/bin/aarch64-linux-android-clang   -fPIE -fPIC    -o CMakeFiles/cmTC_c2135.dir/CheckPrototypeDefinition.c.o   -c /Users/paulyc/Development/DFMTuner/app/libs/fftw-3.3.7/build/CMakeFiles/CMakeTmp/CheckPrototypeDefinition.c
Linking C executable cmTC_c2135
/usr/local/Cellar/cmake/3.11.1/bin/cmake -E cmake_link_script CMakeFiles/cmTC_c2135.dir/link.txt --verbose=1
/Users/paulyc/Development/Android/my-toolchain/bin/aarch64-linux-android-clang -fPIE -fPIC  -Wl,-search_paths_first -Wl,-headerpad_max_install_names -pie  CMakeFiles/cmTC_c2135.dir/CheckPrototypeDefinition.c.o  -o cmTC_c2135 
/Users/paulyc/Development/Android/my-toolchain/bin/../lib/gcc/aarch64-linux-android/4.9.x/../../../../aarch64-linux-android/bin/ld: warning: cannot find entry symbol arch_paths_first; defaulting to 0000000000000620


Determining if the clock_gettime exist passed with the following output:
Change Dir: /Users/paulyc/Development/DFMTuner/app/libs/fftw-3.3.7/build/CMakeFiles/CMakeTmp

Run Build Command:"/usr/bin/make" "cmTC_8ca41/fast"
/Applications/Xcode.app/Contents/Developer/usr/bin/make -f CMakeFiles/cmTC_8ca41.dir/build.make CMakeFiles/cmTC_8ca41.dir/build
Building C object CMakeFiles/cmTC_8ca41.dir/CheckSymbolExists.c.o
/Users/paulyc/Development/Android/my-toolchain/bin/aarch64-linux-android-clang   -fPIE -fPIC    -o CMakeFiles/cmTC_8ca41.dir/CheckSymbolExists.c.o   -c /Users/paulyc/Development/DFMTuner/app/libs/fftw-3.3.7/build/CMakeFiles/CMakeTmp/CheckSymbolExists.c
Linking C executable cmTC_8ca41
/usr/local/Cellar/cmake/3.11.1/bin/cmake -E cmake_link_script CMakeFiles/cmTC_8ca41.dir/link.txt --verbose=1
/Users/paulyc/Development/Android/my-toolchain/bin/aarch64-linux-android-clang -fPIE -fPIC  -Wl,-search_paths_first -Wl,-headerpad_max_install_names -pie  CMakeFiles/cmTC_8ca41.dir/CheckSymbolExists.c.o  -o cmTC_8ca41 
/Users/paulyc/Development/Android/my-toolchain/bin/../lib/gcc/aarch64-linux-android/4.9.x/../../../../aarch64-linux-android/bin/ld: warning: cannot find entry symbol arch_paths_first; defaulting to 0000000000000620

File /Users/paulyc/Development/DFMTuner/app/libs/fftw-3.3.7/build/CMakeFiles/CMakeTmp/CheckSymbolExists.c:
/* */
#include <time.h>

int main(int argc, char** argv)
{
  (void)argv;
#ifndef clock_gettime
  return ((int*)(&clock_gettime))[argc];
#else
  (void)argc;
  return 0;
#endif
}

Determining if the gettimeofday exist passed with the following output:
Change Dir: /Users/paulyc/Development/DFMTuner/app/libs/fftw-3.3.7/build/CMakeFiles/CMakeTmp

Run Build Command:"/usr/bin/make" "cmTC_a55fd/fast"
/Applications/Xcode.app/Contents/Developer/usr/bin/make -f CMakeFiles/cmTC_a55fd.dir/build.make CMakeFiles/cmTC_a55fd.dir/build
Building C object CMakeFiles/cmTC_a55fd.dir/CheckSymbolExists.c.o
/Users/paulyc/Development/Android/my-toolchain/bin/aarch64-linux-android-clang   -fPIE -fPIC    -o CMakeFiles/cmTC_a55fd.dir/CheckSymbolExists.c.o   -c /Users/paulyc/Development/DFMTuner/app/libs/fftw-3.3.7/build/CMakeFiles/CMakeTmp/CheckSymbolExists.c
Linking C executable cmTC_a55fd
/usr/local/Cellar/cmake/3.11.1/bin/cmake -E cmake_link_script CMakeFiles/cmTC_a55fd.dir/link.txt --verbose=1
/Users/paulyc/Development/Android/my-toolchain/bin/aarch64-linux-android-clang -fPIE -fPIC  -Wl,-search_paths_first -Wl,-headerpad_max_install_names -pie  CMakeFiles/cmTC_a55fd.dir/CheckSymbolExists.c.o  -o cmTC_a55fd 
/Users/paulyc/Development/Android/my-toolchain/bin/../lib/gcc/aarch64-linux-android/4.9.x/../../../../aarch64-linux-android/bin/ld: warning: cannot find entry symbol arch_paths_first; defaulting to 0000000000000620

File /Users/paulyc/Development/DFMTuner/app/libs/fftw-3.3.7/build/CMakeFiles/CMakeTmp/CheckSymbolExists.c:
/* */
#include <sys/time.h>

int main(int argc, char** argv)
{
  (void)argv;
#ifndef gettimeofday
  return ((int*)(&gettimeofday))[argc];
#else
  (void)argc;
  return 0;
#endif
}

Determining if the drand48 exist passed with the following output:
Change Dir: /Users/paulyc/Development/DFMTuner/app/libs/fftw-3.3.7/build/CMakeFiles/CMakeTmp

Run Build Command:"/usr/bin/make" "cmTC_605a9/fast"
/Applications/Xcode.app/Contents/Developer/usr/bin/make -f CMakeFiles/cmTC_605a9.dir/build.make CMakeFiles/cmTC_605a9.dir/build
Building C object CMakeFiles/cmTC_605a9.dir/CheckSymbolExists.c.o
/Users/paulyc/Development/Android/my-toolchain/bin/aarch64-linux-android-clang   -fPIE -fPIC    -o CMakeFiles/cmTC_605a9.dir/CheckSymbolExists.c.o   -c /Users/paulyc/Development/DFMTuner/app/libs/fftw-3.3.7/build/CMakeFiles/CMakeTmp/CheckSymbolExists.c
Linking C executable cmTC_605a9
/usr/local/Cellar/cmake/3.11.1/bin/cmake -E cmake_link_script CMakeFiles/cmTC_605a9.dir/link.txt --verbose=1
/Users/paulyc/Development/Android/my-toolchain/bin/aarch64-linux-android-clang -fPIE -fPIC  -Wl,-search_paths_first -Wl,-headerpad_max_install_names -pie  CMakeFiles/cmTC_605a9.dir/CheckSymbolExists.c.o  -o cmTC_605a9 
/Users/paulyc/Development/Android/my-toolchain/bin/../lib/gcc/aarch64-linux-android/4.9.x/../../../../aarch64-linux-android/bin/ld: warning: cannot find entry symbol arch_paths_first; defaulting to 0000000000000620

File /Users/paulyc/Development/DFMTuner/app/libs/fftw-3.3.7/build/CMakeFiles/CMakeTmp/CheckSymbolExists.c:
/* */
#include <stdlib.h>

int main(int argc, char** argv)
{
  (void)argv;
#ifndef drand48
  return ((int*)(&drand48))[argc];
#else
  (void)argc;
  return 0;
#endif
}

Determining if the srand48 exist passed with the following output:
Change Dir: /Users/paulyc/Development/DFMTuner/app/libs/fftw-3.3.7/build/CMakeFiles/CMakeTmp

Run Build Command:"/usr/bin/make" "cmTC_5a18b/fast"
/Applications/Xcode.app/Contents/Developer/usr/bin/make -f CMakeFiles/cmTC_5a18b.dir/build.make CMakeFiles/cmTC_5a18b.dir/build
Building C object CMakeFiles/cmTC_5a18b.dir/CheckSymbolExists.c.o
/Users/paulyc/Development/Android/my-toolchain/bin/aarch64-linux-android-clang   -fPIE -fPIC    -o CMakeFiles/cmTC_5a18b.dir/CheckSymbolExists.c.o   -c /Users/paulyc/Development/DFMTuner/app/libs/fftw-3.3.7/build/CMakeFiles/CMakeTmp/CheckSymbolExists.c
Linking C executable cmTC_5a18b
/usr/local/Cellar/cmake/3.11.1/bin/cmake -E cmake_link_script CMakeFiles/cmTC_5a18b.dir/link.txt --verbose=1
/Users/paulyc/Development/Android/my-toolchain/bin/aarch64-linux-android-clang -fPIE -fPIC  -Wl,-search_paths_first -Wl,-headerpad_max_install_names -pie  CMakeFiles/cmTC_5a18b.dir/CheckSymbolExists.c.o  -o cmTC_5a18b 
/Users/paulyc/Development/Android/my-toolchain/bin/../lib/gcc/aarch64-linux-android/4.9.x/../../../../aarch64-linux-android/bin/ld: warning: cannot find entry symbol arch_paths_first; defaulting to 0000000000000620

File /Users/paulyc/Development/DFMTuner/app/libs/fftw-3.3.7/build/CMakeFiles/CMakeTmp/CheckSymbolExists.c:
/* */
#include <stdlib.h>

int main(int argc, char** argv)
{
  (void)argv;
#ifndef srand48
  return ((int*)(&srand48))[argc];
#else
  (void)argc;
  return 0;
#endif
}

Determining if the memalign exist passed with the following output:
Change Dir: /Users/paulyc/Development/DFMTuner/app/libs/fftw-3.3.7/build/CMakeFiles/CMakeTmp

Run Build Command:"/usr/bin/make" "cmTC_f9df9/fast"
/Applications/Xcode.app/Contents/Developer/usr/bin/make -f CMakeFiles/cmTC_f9df9.dir/build.make CMakeFiles/cmTC_f9df9.dir/build
Building C object CMakeFiles/cmTC_f9df9.dir/CheckSymbolExists.c.o
/Users/paulyc/Development/Android/my-toolchain/bin/aarch64-linux-android-clang   -fPIE -fPIC    -o CMakeFiles/cmTC_f9df9.dir/CheckSymbolExists.c.o   -c /Users/paulyc/Development/DFMTuner/app/libs/fftw-3.3.7/build/CMakeFiles/CMakeTmp/CheckSymbolExists.c
Linking C executable cmTC_f9df9
/usr/local/Cellar/cmake/3.11.1/bin/cmake -E cmake_link_script CMakeFiles/cmTC_f9df9.dir/link.txt --verbose=1
/Users/paulyc/Development/Android/my-toolchain/bin/aarch64-linux-android-clang -fPIE -fPIC  -Wl,-search_paths_first -Wl,-headerpad_max_install_names -pie  CMakeFiles/cmTC_f9df9.dir/CheckSymbolExists.c.o  -o cmTC_f9df9 
/Users/paulyc/Development/Android/my-toolchain/bin/../lib/gcc/aarch64-linux-android/4.9.x/../../../../aarch64-linux-android/bin/ld: warning: cannot find entry symbol arch_paths_first; defaulting to 0000000000000620

File /Users/paulyc/Development/DFMTuner/app/libs/fftw-3.3.7/build/CMakeFiles/CMakeTmp/CheckSymbolExists.c:
/* */
#include <malloc.h>

int main(int argc, char** argv)
{
  (void)argv;
#ifndef memalign
  return ((int*)(&memalign))[argc];
#else
  (void)argc;
  return 0;
#endif
}

Determining if the posix_memalign exist passed with the following output:
Change Dir: /Users/paulyc/Development/DFMTuner/app/libs/fftw-3.3.7/build/CMakeFiles/CMakeTmp

Run Build Command:"/usr/bin/make" "cmTC_143bb/fast"
/Applications/Xcode.app/Contents/Developer/usr/bin/make -f CMakeFiles/cmTC_143bb.dir/build.make CMakeFiles/cmTC_143bb.dir/build
Building C object CMakeFiles/cmTC_143bb.dir/CheckSymbolExists.c.o
/Users/paulyc/Development/Android/my-toolchain/bin/aarch64-linux-android-clang   -fPIE -fPIC    -o CMakeFiles/cmTC_143bb.dir/CheckSymbolExists.c.o   -c /Users/paulyc/Development/DFMTuner/app/libs/fftw-3.3.7/build/CMakeFiles/CMakeTmp/CheckSymbolExists.c
Linking C executable cmTC_143bb
/usr/local/Cellar/cmake/3.11.1/bin/cmake -E cmake_link_script CMakeFiles/cmTC_143bb.dir/link.txt --verbose=1
/Users/paulyc/Development/Android/my-toolchain/bin/aarch64-linux-android-clang -fPIE -fPIC  -Wl,-search_paths_first -Wl,-headerpad_max_install_names -pie  CMakeFiles/cmTC_143bb.dir/CheckSymbolExists.c.o  -o cmTC_143bb 
/Users/paulyc/Development/Android/my-toolchain/bin/../lib/gcc/aarch64-linux-android/4.9.x/../../../../aarch64-linux-android/bin/ld: warning: cannot find entry symbol arch_paths_first; defaulting to 0000000000000620

File /Users/paulyc/Development/DFMTuner/app/libs/fftw-3.3.7/build/CMakeFiles/CMakeTmp/CheckSymbolExists.c:
/* */
#include <stdlib.h>

int main(int argc, char** argv)
{
  (void)argv;
#ifndef posix_memalign
  return ((int*)(&posix_memalign))[argc];
#else
  (void)argc;
  return 0;
#endif
}

Determining if the alloca exist passed with the following output:
Change Dir: /Users/paulyc/Development/DFMTuner/app/libs/fftw-3.3.7/build/CMakeFiles/CMakeTmp

Run Build Command:"/usr/bin/make" "cmTC_350db/fast"
/Applications/Xcode.app/Contents/Developer/usr/bin/make -f CMakeFiles/cmTC_350db.dir/build.make CMakeFiles/cmTC_350db.dir/build
Building C object CMakeFiles/cmTC_350db.dir/CheckSymbolExists.c.o
/Users/paulyc/Development/Android/my-toolchain/bin/aarch64-linux-android-clang   -fPIE -fPIC    -o CMakeFiles/cmTC_350db.dir/CheckSymbolExists.c.o   -c /Users/paulyc/Development/DFMTuner/app/libs/fftw-3.3.7/build/CMakeFiles/CMakeTmp/CheckSymbolExists.c
Linking C executable cmTC_350db
/usr/local/Cellar/cmake/3.11.1/bin/cmake -E cmake_link_script CMakeFiles/cmTC_350db.dir/link.txt --verbose=1
/Users/paulyc/Development/Android/my-toolchain/bin/aarch64-linux-android-clang -fPIE -fPIC  -Wl,-search_paths_first -Wl,-headerpad_max_install_names -pie  CMakeFiles/cmTC_350db.dir/CheckSymbolExists.c.o  -o cmTC_350db 
/Users/paulyc/Development/Android/my-toolchain/bin/../lib/gcc/aarch64-linux-android/4.9.x/../../../../aarch64-linux-android/bin/ld: warning: cannot find entry symbol arch_paths_first; defaulting to 00000000000005e0

File /Users/paulyc/Development/DFMTuner/app/libs/fftw-3.3.7/build/CMakeFiles/CMakeTmp/CheckSymbolExists.c:
/* */
#include <alloca.h>

int main(int argc, char** argv)
{
  (void)argv;
#ifndef alloca
  return ((int*)(&alloca))[argc];
#else
  (void)argc;
  return 0;
#endif
}

Determining if the isnan exist passed with the following output:
Change Dir: /Users/paulyc/Development/DFMTuner/app/libs/fftw-3.3.7/build/CMakeFiles/CMakeTmp

Run Build Command:"/usr/bin/make" "cmTC_ae22e/fast"
/Applications/Xcode.app/Contents/Developer/usr/bin/make -f CMakeFiles/cmTC_ae22e.dir/build.make CMakeFiles/cmTC_ae22e.dir/build
Building C object CMakeFiles/cmTC_ae22e.dir/CheckSymbolExists.c.o
/Users/paulyc/Development/Android/my-toolchain/bin/aarch64-linux-android-clang   -fPIE -fPIC    -o CMakeFiles/cmTC_ae22e.dir/CheckSymbolExists.c.o   -c /Users/paulyc/Development/DFMTuner/app/libs/fftw-3.3.7/build/CMakeFiles/CMakeTmp/CheckSymbolExists.c
Linking C executable cmTC_ae22e
/usr/local/Cellar/cmake/3.11.1/bin/cmake -E cmake_link_script CMakeFiles/cmTC_ae22e.dir/link.txt --verbose=1
/Users/paulyc/Development/Android/my-toolchain/bin/aarch64-linux-android-clang -fPIE -fPIC  -Wl,-search_paths_first -Wl,-headerpad_max_install_names -pie  CMakeFiles/cmTC_ae22e.dir/CheckSymbolExists.c.o  -o cmTC_ae22e 
/Users/paulyc/Development/Android/my-toolchain/bin/../lib/gcc/aarch64-linux-android/4.9.x/../../../../aarch64-linux-android/bin/ld: warning: cannot find entry symbol arch_paths_first; defaulting to 00000000000005e0

File /Users/paulyc/Development/DFMTuner/app/libs/fftw-3.3.7/build/CMakeFiles/CMakeTmp/CheckSymbolExists.c:
/* */
#include <math.h>

int main(int argc, char** argv)
{
  (void)argv;
#ifndef isnan
  return ((int*)(&isnan))[argc];
#else
  (void)argc;
  return 0;
#endif
}

Determining if the snprintf exist passed with the following output:
Change Dir: /Users/paulyc/Development/DFMTuner/app/libs/fftw-3.3.7/build/CMakeFiles/CMakeTmp

Run Build Command:"/usr/bin/make" "cmTC_0b863/fast"
/Applications/Xcode.app/Contents/Developer/usr/bin/make -f CMakeFiles/cmTC_0b863.dir/build.make CMakeFiles/cmTC_0b863.dir/build
Building C object CMakeFiles/cmTC_0b863.dir/CheckSymbolExists.c.o
/Users/paulyc/Development/Android/my-toolchain/bin/aarch64-linux-android-clang   -fPIE -fPIC    -o CMakeFiles/cmTC_0b863.dir/CheckSymbolExists.c.o   -c /Users/paulyc/Development/DFMTuner/app/libs/fftw-3.3.7/build/CMakeFiles/CMakeTmp/CheckSymbolExists.c
Linking C executable cmTC_0b863
/usr/local/Cellar/cmake/3.11.1/bin/cmake -E cmake_link_script CMakeFiles/cmTC_0b863.dir/link.txt --verbose=1
/Users/paulyc/Development/Android/my-toolchain/bin/aarch64-linux-android-clang -fPIE -fPIC  -Wl,-search_paths_first -Wl,-headerpad_max_install_names -pie  CMakeFiles/cmTC_0b863.dir/CheckSymbolExists.c.o  -o cmTC_0b863 
/Users/paulyc/Development/Android/my-toolchain/bin/../lib/gcc/aarch64-linux-android/4.9.x/../../../../aarch64-linux-android/bin/ld: warning: cannot find entry symbol arch_paths_first; defaulting to 0000000000000620

File /Users/paulyc/Development/DFMTuner/app/libs/fftw-3.3.7/build/CMakeFiles/CMakeTmp/CheckSymbolExists.c:
/* */
#include <stdio.h>

int main(int argc, char** argv)
{
  (void)argv;
#ifndef snprintf
  return ((int*)(&snprintf))[argc];
#else
  (void)argc;
  return 0;
#endif
}

Determining if the cosl exist passed with the following output:
Change Dir: /Users/paulyc/Development/DFMTuner/app/libs/fftw-3.3.7/build/CMakeFiles/CMakeTmp

Run Build Command:"/usr/bin/make" "cmTC_a4541/fast"
/Applications/Xcode.app/Contents/Developer/usr/bin/make -f CMakeFiles/cmTC_a4541.dir/build.make CMakeFiles/cmTC_a4541.dir/build
Building C object CMakeFiles/cmTC_a4541.dir/CheckSymbolExists.c.o
/Users/paulyc/Development/Android/my-toolchain/bin/aarch64-linux-android-clang   -fPIE -fPIC    -o CMakeFiles/cmTC_a4541.dir/CheckSymbolExists.c.o   -c /Users/paulyc/Development/DFMTuner/app/libs/fftw-3.3.7/build/CMakeFiles/CMakeTmp/CheckSymbolExists.c
Linking C executable cmTC_a4541
/usr/local/Cellar/cmake/3.11.1/bin/cmake -E cmake_link_script CMakeFiles/cmTC_a4541.dir/link.txt --verbose=1
/Users/paulyc/Development/Android/my-toolchain/bin/aarch64-linux-android-clang -fPIE -fPIC  -Wl,-search_paths_first -Wl,-headerpad_max_install_names -pie  CMakeFiles/cmTC_a4541.dir/CheckSymbolExists.c.o  -o cmTC_a4541 -lm 
/Users/paulyc/Development/Android/my-toolchain/bin/../lib/gcc/aarch64-linux-android/4.9.x/../../../../aarch64-linux-android/bin/ld: warning: cannot find entry symbol arch_paths_first; defaulting to 0000000000000640

File /Users/paulyc/Development/DFMTuner/app/libs/fftw-3.3.7/build/CMakeFiles/CMakeTmp/CheckSymbolExists.c:
/* */
#include <math.h>

int main(int argc, char** argv)
{
  (void)argv;
#ifndef cosl
  return ((int*)(&cosl))[argc];
#else
  (void)argc;
  return 0;
#endif
}

Determining if the sinl exist passed with the following output:
Change Dir: /Users/paulyc/Development/DFMTuner/app/libs/fftw-3.3.7/build/CMakeFiles/CMakeTmp

Run Build Command:"/usr/bin/make" "cmTC_78345/fast"
/Applications/Xcode.app/Contents/Developer/usr/bin/make -f CMakeFiles/cmTC_78345.dir/build.make CMakeFiles/cmTC_78345.dir/build
Building C object CMakeFiles/cmTC_78345.dir/CheckSymbolExists.c.o
/Users/paulyc/Development/Android/my-toolchain/bin/aarch64-linux-android-clang   -fPIE -fPIC    -o CMakeFiles/cmTC_78345.dir/CheckSymbolExists.c.o   -c /Users/paulyc/Development/DFMTuner/app/libs/fftw-3.3.7/build/CMakeFiles/CMakeTmp/CheckSymbolExists.c
Linking C executable cmTC_78345
/usr/local/Cellar/cmake/3.11.1/bin/cmake -E cmake_link_script CMakeFiles/cmTC_78345.dir/link.txt --verbose=1
/Users/paulyc/Development/Android/my-toolchain/bin/aarch64-linux-android-clang -fPIE -fPIC  -Wl,-search_paths_first -Wl,-headerpad_max_install_names -pie  CMakeFiles/cmTC_78345.dir/CheckSymbolExists.c.o  -o cmTC_78345 -lm 
/Users/paulyc/Development/Android/my-toolchain/bin/../lib/gcc/aarch64-linux-android/4.9.x/../../../../aarch64-linux-android/bin/ld: warning: cannot find entry symbol arch_paths_first; defaulting to 0000000000000640

File /Users/paulyc/Development/DFMTuner/app/libs/fftw-3.3.7/build/CMakeFiles/CMakeTmp/CheckSymbolExists.c:
/* */
#include <math.h>

int main(int argc, char** argv)
{
  (void)argv;
#ifndef sinl
  return ((int*)(&sinl))[argc];
#else
  (void)argc;
  return 0;
#endif
}

Determining size of float passed with the following output:
Change Dir: /Users/paulyc/Development/DFMTuner/app/libs/fftw-3.3.7/build/CMakeFiles/CMakeTmp

Run Build Command:"/usr/bin/make" "cmTC_337aa/fast"
/Applications/Xcode.app/Contents/Developer/usr/bin/make -f CMakeFiles/cmTC_337aa.dir/build.make CMakeFiles/cmTC_337aa.dir/build
Building C object CMakeFiles/cmTC_337aa.dir/SIZEOF_FLOAT.c.o
/Users/paulyc/Development/Android/my-toolchain/bin/aarch64-linux-android-clang   -fPIE -fPIC    -o CMakeFiles/cmTC_337aa.dir/SIZEOF_FLOAT.c.o   -c /Users/paulyc/Development/DFMTuner/app/libs/fftw-3.3.7/build/CMakeFiles/CheckTypeSize/SIZEOF_FLOAT.c
Linking C executable cmTC_337aa
/usr/local/Cellar/cmake/3.11.1/bin/cmake -E cmake_link_script CMakeFiles/cmTC_337aa.dir/link.txt --verbose=1
/Users/paulyc/Development/Android/my-toolchain/bin/aarch64-linux-android-clang -fPIE -fPIC  -Wl,-search_paths_first -Wl,-headerpad_max_install_names -pie  CMakeFiles/cmTC_337aa.dir/SIZEOF_FLOAT.c.o  -o cmTC_337aa -lm 
/Users/paulyc/Development/Android/my-toolchain/bin/../lib/gcc/aarch64-linux-android/4.9.x/../../../../aarch64-linux-android/bin/ld: warning: cannot find entry symbol arch_paths_first; defaulting to 0000000000000620


Determining size of double passed with the following output:
Change Dir: /Users/paulyc/Development/DFMTuner/app/libs/fftw-3.3.7/build/CMakeFiles/CMakeTmp

Run Build Command:"/usr/bin/make" "cmTC_af036/fast"
/Applications/Xcode.app/Contents/Developer/usr/bin/make -f CMakeFiles/cmTC_af036.dir/build.make CMakeFiles/cmTC_af036.dir/build
Building C object CMakeFiles/cmTC_af036.dir/SIZEOF_DOUBLE.c.o
/Users/paulyc/Development/Android/my-toolchain/bin/aarch64-linux-android-clang   -fPIE -fPIC    -o CMakeFiles/cmTC_af036.dir/SIZEOF_DOUBLE.c.o   -c /Users/paulyc/Development/DFMTuner/app/libs/fftw-3.3.7/build/CMakeFiles/CheckTypeSize/SIZEOF_DOUBLE.c
Linking C executable cmTC_af036
/usr/local/Cellar/cmake/3.11.1/bin/cmake -E cmake_link_script CMakeFiles/cmTC_af036.dir/link.txt --verbose=1
/Users/paulyc/Development/Android/my-toolchain/bin/aarch64-linux-android-clang -fPIE -fPIC  -Wl,-search_paths_first -Wl,-headerpad_max_install_names -pie  CMakeFiles/cmTC_af036.dir/SIZEOF_DOUBLE.c.o  -o cmTC_af036 -lm 
/Users/paulyc/Development/Android/my-toolchain/bin/../lib/gcc/aarch64-linux-android/4.9.x/../../../../aarch64-linux-android/bin/ld: warning: cannot find entry symbol arch_paths_first; defaulting to 0000000000000620


Determining size of int passed with the following output:
Change Dir: /Users/paulyc/Development/DFMTuner/app/libs/fftw-3.3.7/build/CMakeFiles/CMakeTmp

Run Build Command:"/usr/bin/make" "cmTC_033ca/fast"
/Applications/Xcode.app/Contents/Developer/usr/bin/make -f CMakeFiles/cmTC_033ca.dir/build.make CMakeFiles/cmTC_033ca.dir/build
Building C object CMakeFiles/cmTC_033ca.dir/SIZEOF_INT.c.o
/Users/paulyc/Development/Android/my-toolchain/bin/aarch64-linux-android-clang   -fPIE -fPIC    -o CMakeFiles/cmTC_033ca.dir/SIZEOF_INT.c.o   -c /Users/paulyc/Development/DFMTuner/app/libs/fftw-3.3.7/build/CMakeFiles/CheckTypeSize/SIZEOF_INT.c
Linking C executable cmTC_033ca
/usr/local/Cellar/cmake/3.11.1/bin/cmake -E cmake_link_script CMakeFiles/cmTC_033ca.dir/link.txt --verbose=1
/Users/paulyc/Development/Android/my-toolchain/bin/aarch64-linux-android-clang -fPIE -fPIC  -Wl,-search_paths_first -Wl,-headerpad_max_install_names -pie  CMakeFiles/cmTC_033ca.dir/SIZEOF_INT.c.o  -o cmTC_033ca -lm 
/Users/paulyc/Development/Android/my-toolchain/bin/../lib/gcc/aarch64-linux-android/4.9.x/../../../../aarch64-linux-android/bin/ld: warning: cannot find entry symbol arch_paths_first; defaulting to 0000000000000620


Determining size of long passed with the following output:
Change Dir: /Users/paulyc/Development/DFMTuner/app/libs/fftw-3.3.7/build/CMakeFiles/CMakeTmp

Run Build Command:"/usr/bin/make" "cmTC_2fedd/fast"
/Applications/Xcode.app/Contents/Developer/usr/bin/make -f CMakeFiles/cmTC_2fedd.dir/build.make CMakeFiles/cmTC_2fedd.dir/build
Building C object CMakeFiles/cmTC_2fedd.dir/SIZEOF_LONG.c.o
/Users/paulyc/Development/Android/my-toolchain/bin/aarch64-linux-android-clang   -fPIE -fPIC    -o CMakeFiles/cmTC_2fedd.dir/SIZEOF_LONG.c.o   -c /Users/paulyc/Development/DFMTuner/app/libs/fftw-3.3.7/build/CMakeFiles/CheckTypeSize/SIZEOF_LONG.c
Linking C executable cmTC_2fedd
/usr/local/Cellar/cmake/3.11.1/bin/cmake -E cmake_link_script CMakeFiles/cmTC_2fedd.dir/link.txt --verbose=1
/Users/paulyc/Development/Android/my-toolchain/bin/aarch64-linux-android-clang -fPIE -fPIC  -Wl,-search_paths_first -Wl,-headerpad_max_install_names -pie  CMakeFiles/cmTC_2fedd.dir/SIZEOF_LONG.c.o  -o cmTC_2fedd -lm 
/Users/paulyc/Development/Android/my-toolchain/bin/../lib/gcc/aarch64-linux-android/4.9.x/../../../../aarch64-linux-android/bin/ld: warning: cannot find entry symbol arch_paths_first; defaulting to 0000000000000620


Determining size of long long passed with the following output:
Change Dir: /Users/paulyc/Development/DFMTuner/app/libs/fftw-3.3.7/build/CMakeFiles/CMakeTmp

Run Build Command:"/usr/bin/make" "cmTC_774df/fast"
/Applications/Xcode.app/Contents/Developer/usr/bin/make -f CMakeFiles/cmTC_774df.dir/build.make CMakeFiles/cmTC_774df.dir/build
Building C object CMakeFiles/cmTC_774df.dir/SIZEOF_LONG_LONG.c.o
/Users/paulyc/Development/Android/my-toolchain/bin/aarch64-linux-android-clang   -fPIE -fPIC    -o CMakeFiles/cmTC_774df.dir/SIZEOF_LONG_LONG.c.o   -c /Users/paulyc/Development/DFMTuner/app/libs/fftw-3.3.7/build/CMakeFiles/CheckTypeSize/SIZEOF_LONG_LONG.c
Linking C executable cmTC_774df
/usr/local/Cellar/cmake/3.11.1/bin/cmake -E cmake_link_script CMakeFiles/cmTC_774df.dir/link.txt --verbose=1
/Users/paulyc/Development/Android/my-toolchain/bin/aarch64-linux-android-clang -fPIE -fPIC  -Wl,-search_paths_first -Wl,-headerpad_max_install_names -pie  CMakeFiles/cmTC_774df.dir/SIZEOF_LONG_LONG.c.o  -o cmTC_774df -lm 
/Users/paulyc/Development/Android/my-toolchain/bin/../lib/gcc/aarch64-linux-android/4.9.x/../../../../aarch64-linux-android/bin/ld: warning: cannot find entry symbol arch_paths_first; defaulting to 0000000000000620


Determining size of unsigned int passed with the following output:
Change Dir: /Users/paulyc/Development/DFMTuner/app/libs/fftw-3.3.7/build/CMakeFiles/CMakeTmp

Run Build Command:"/usr/bin/make" "cmTC_5d444/fast"
/Applications/Xcode.app/Contents/Developer/usr/bin/make -f CMakeFiles/cmTC_5d444.dir/build.make CMakeFiles/cmTC_5d444.dir/build
Building C object CMakeFiles/cmTC_5d444.dir/SIZEOF_UNSIGNED_INT.c.o
/Users/paulyc/Development/Android/my-toolchain/bin/aarch64-linux-android-clang   -fPIE -fPIC    -o CMakeFiles/cmTC_5d444.dir/SIZEOF_UNSIGNED_INT.c.o   -c /Users/paulyc/Development/DFMTuner/app/libs/fftw-3.3.7/build/CMakeFiles/CheckTypeSize/SIZEOF_UNSIGNED_INT.c
Linking C executable cmTC_5d444
/usr/local/Cellar/cmake/3.11.1/bin/cmake -E cmake_link_script CMakeFiles/cmTC_5d444.dir/link.txt --verbose=1
/Users/paulyc/Development/Android/my-toolchain/bin/aarch64-linux-android-clang -fPIE -fPIC  -Wl,-search_paths_first -Wl,-headerpad_max_install_names -pie  CMakeFiles/cmTC_5d444.dir/SIZEOF_UNSIGNED_INT.c.o  -o cmTC_5d444 -lm 
/Users/paulyc/Development/Android/my-toolchain/bin/../lib/gcc/aarch64-linux-android/4.9.x/../../../../aarch64-linux-android/bin/ld: warning: cannot find entry symbol arch_paths_first; defaulting to 0000000000000620


Determining size of unsigned long passed with the following output:
Change Dir: /Users/paulyc/Development/DFMTuner/app/libs/fftw-3.3.7/build/CMakeFiles/CMakeTmp

Run Build Command:"/usr/bin/make" "cmTC_ff3e7/fast"
/Applications/Xcode.app/Contents/Developer/usr/bin/make -f CMakeFiles/cmTC_ff3e7.dir/build.make CMakeFiles/cmTC_ff3e7.dir/build
Building C object CMakeFiles/cmTC_ff3e7.dir/SIZEOF_UNSIGNED_LONG.c.o
/Users/paulyc/Development/Android/my-toolchain/bin/aarch64-linux-android-clang   -fPIE -fPIC    -o CMakeFiles/cmTC_ff3e7.dir/SIZEOF_UNSIGNED_LONG.c.o   -c /Users/paulyc/Development/DFMTuner/app/libs/fftw-3.3.7/build/CMakeFiles/CheckTypeSize/SIZEOF_UNSIGNED_LONG.c
Linking C executable cmTC_ff3e7
/usr/local/Cellar/cmake/3.11.1/bin/cmake -E cmake_link_script CMakeFiles/cmTC_ff3e7.dir/link.txt --verbose=1
/Users/paulyc/Development/Android/my-toolchain/bin/aarch64-linux-android-clang -fPIE -fPIC  -Wl,-search_paths_first -Wl,-headerpad_max_install_names -pie  CMakeFiles/cmTC_ff3e7.dir/SIZEOF_UNSIGNED_LONG.c.o  -o cmTC_ff3e7 -lm 
/Users/paulyc/Development/Android/my-toolchain/bin/../lib/gcc/aarch64-linux-android/4.9.x/../../../../aarch64-linux-android/bin/ld: warning: cannot find entry symbol arch_paths_first; defaulting to 0000000000000620


Determining size of unsigned long long passed with the following output:
Change Dir: /Users/paulyc/Development/DFMTuner/app/libs/fftw-3.3.7/build/CMakeFiles/CMakeTmp

Run Build Command:"/usr/bin/make" "cmTC_42570/fast"
/Applications/Xcode.app/Contents/Developer/usr/bin/make -f CMakeFiles/cmTC_42570.dir/build.make CMakeFiles/cmTC_42570.dir/build
Building C object CMakeFiles/cmTC_42570.dir/SIZEOF_UNSIGNED_LONG_LONG.c.o
/Users/paulyc/Development/Android/my-toolchain/bin/aarch64-linux-android-clang   -fPIE -fPIC    -o CMakeFiles/cmTC_42570.dir/SIZEOF_UNSIGNED_LONG_LONG.c.o   -c /Users/paulyc/Development/DFMTuner/app/libs/fftw-3.3.7/build/CMakeFiles/CheckTypeSize/SIZEOF_UNSIGNED_LONG_LONG.c
Linking C executable cmTC_42570
/usr/local/Cellar/cmake/3.11.1/bin/cmake -E cmake_link_script CMakeFiles/cmTC_42570.dir/link.txt --verbose=1
/Users/paulyc/Development/Android/my-toolchain/bin/aarch64-linux-android-clang -fPIE -fPIC  -Wl,-search_paths_first -Wl,-headerpad_max_install_names -pie  CMakeFiles/cmTC_42570.dir/SIZEOF_UNSIGNED_LONG_LONG.c.o  -o cmTC_42570 -lm 
/Users/paulyc/Development/Android/my-toolchain/bin/../lib/gcc/aarch64-linux-android/4.9.x/../../../../aarch64-linux-android/bin/ld: warning: cannot find entry symbol arch_paths_first; defaulting to 0000000000000620


Determining size of size_t passed with the following output:
Change Dir: /Users/paulyc/Development/DFMTuner/app/libs/fftw-3.3.7/build/CMakeFiles/CMakeTmp

Run Build Command:"/usr/bin/make" "cmTC_86e75/fast"
/Applications/Xcode.app/Contents/Developer/usr/bin/make -f CMakeFiles/cmTC_86e75.dir/build.make CMakeFiles/cmTC_86e75.dir/build
Building C object CMakeFiles/cmTC_86e75.dir/SIZEOF_SIZE_T.c.o
/Users/paulyc/Development/Android/my-toolchain/bin/aarch64-linux-android-clang   -fPIE -fPIC    -o CMakeFiles/cmTC_86e75.dir/SIZEOF_SIZE_T.c.o   -c /Users/paulyc/Development/DFMTuner/app/libs/fftw-3.3.7/build/CMakeFiles/CheckTypeSize/SIZEOF_SIZE_T.c
Linking C executable cmTC_86e75
/usr/local/Cellar/cmake/3.11.1/bin/cmake -E cmake_link_script CMakeFiles/cmTC_86e75.dir/link.txt --verbose=1
/Users/paulyc/Development/Android/my-toolchain/bin/aarch64-linux-android-clang -fPIE -fPIC  -Wl,-search_paths_first -Wl,-headerpad_max_install_names -pie  CMakeFiles/cmTC_86e75.dir/SIZEOF_SIZE_T.c.o  -o cmTC_86e75 -lm 
/Users/paulyc/Development/Android/my-toolchain/bin/../lib/gcc/aarch64-linux-android/4.9.x/../../../../aarch64-linux-android/bin/ld: warning: cannot find entry symbol arch_paths_first; defaulting to 0000000000000620


Determining size of ptrdiff_t passed with the following output:
Change Dir: /Users/paulyc/Development/DFMTuner/app/libs/fftw-3.3.7/build/CMakeFiles/CMakeTmp

Run Build Command:"/usr/bin/make" "cmTC_570b6/fast"
/Applications/Xcode.app/Contents/Developer/usr/bin/make -f CMakeFiles/cmTC_570b6.dir/build.make CMakeFiles/cmTC_570b6.dir/build
Building C object CMakeFiles/cmTC_570b6.dir/SIZEOF_PTRDIFF_T.c.o
/Users/paulyc/Development/Android/my-toolchain/bin/aarch64-linux-android-clang   -fPIE -fPIC    -o CMakeFiles/cmTC_570b6.dir/SIZEOF_PTRDIFF_T.c.o   -c /Users/paulyc/Development/DFMTuner/app/libs/fftw-3.3.7/build/CMakeFiles/CheckTypeSize/SIZEOF_PTRDIFF_T.c
Linking C executable cmTC_570b6
/usr/local/Cellar/cmake/3.11.1/bin/cmake -E cmake_link_script CMakeFiles/cmTC_570b6.dir/link.txt --verbose=1
/Users/paulyc/Development/Android/my-toolchain/bin/aarch64-linux-android-clang -fPIE -fPIC  -Wl,-search_paths_first -Wl,-headerpad_max_install_names -pie  CMakeFiles/cmTC_570b6.dir/SIZEOF_PTRDIFF_T.c.o  -o cmTC_570b6 -lm 
/Users/paulyc/Development/Android/my-toolchain/bin/../lib/gcc/aarch64-linux-android/4.9.x/../../../../aarch64-linux-android/bin/ld: warning: cannot find entry symbol arch_paths_first; defaulting to 0000000000000620


